
---------- 2021-02-22 14:07:16 +0000: Logging Started ----------


CurrentRanger R3
Firmware version: 1.1.0
BT Logging: 0
USB Logging: 0

ADC calibration values:
Offset=0
Gain=2046
LDO=3.300

EEPROM Settings:
LoggingFormat=0
ADCSamplingSpeed=2
AutoOff=600

a = cycle Auto-Off function
b = toggle BT/serial logging (230400baud)
f = cycle serial logging formats (exponent,nA,uA,mA/raw-ADC)
g = toggle GPIO range indication (SCK=mA,MISO=uA,MOSI=nA)
s = cycle ADC sampling speeds (0=average,fast,fastest,slow)
t = toggle touchpad serial output debug info
u = toggle USB/serial logging
< = Calibrate LDO value (-1mV)
> = Calibrate LDO value (+1mV)
- = Calibrate OFFSET value (-1)
+ = Calibrate OFFSET value (+1)
/ = Calibrate GAIN value (-1)
* = Calibrate GAIN value (+1)
? = Print this menu and calib info

LOGGING_FORMAT_NANOS
LOGGING_FORMAT_MICROS
LOGGING_FORMAT_MILLIS
LOGGING_FORMAT_ADC
LOGGING_FORMAT_EXPONENT
ADC_SAMPLING_SPEED_SLOW
ADC_SAMPLING_SPEED_AVG
ADC_SAMPLING_SPEED_FAST
ADC_SAMPLING_SPEED_FASTEST
ADC_SAMPLING_SPEED_SLOW
ADC_SAMPLING_SPEED_AVG
USB_LOGGING_ENABLED
-17.33e-9
-0.81e-9
-3.22e-9
-11.68e-9
6.85e-9
-0.40e-9
8.06e-9
-24.98e-9
16.52e-9
-0.40e-9
7.66e-9
-5.64e-9
22.16e-9
0.00e-9
18.13e-9
33.04e-9
27.00e-9
18.94e-9
10.07e-9
12.09e-9
3.63e-9
31.03e-9
19.34e-9
25.79e-9
41.50e-9
21.36e-9
12.89e-9
23.37e-9
-6.85e-9
21.76e-9
18.94e-9
-2.42e-9
-19.34e-9
4.84e-9
-1.61e-9
-22.97e-9
7.25e-9
7.25e-9
1.21e-9
-12.49e-9
-2.42e-9
-22.16e-9
-6.85e-9
-21.36e-9
-0.81e-9
-1.21e-9
-7.25e-9
5.64e-9
-8.46e-9
-14.91e-9
-9.67e-9
-21.76e-9
-31.03e-9
-0.81e-9
-7.66e-9
-2.82e-9
-0.81e-9
-3.22e-9
-13.30e-9
-2.42e-9
2.82e-9
4.84e-9
17.33e-9
10.48e-9
7.25e-9
2.82e-9
19.34e-9
37.88e-9
9.67e-9
6.85e-9
-6.85e-9
23.77e-9
18.13e-9
12.89e-9
42.71e-9
27.00e-9
23.37e-9
29.41e-9
-10.07e-9
12.89e-9
16.92e-9
8.46e-9
12.89e-9
6.45e-9
14.10e-9
-12.49e-9
2.42e-9
2.42e-9
-5.64e-9
-24.18e-9
-0.81e-9
-16.52e-9
-7.25e-9
-24.58e-9
-0.81e-9
-2.82e-9
2.01e-9
12.09e-9
-0.81e-9
-7.25e-9
-31.03e-9
-7.25e-9
4.43e-9
-5.24e-9
-10.48e-9
10.88e-9
2.42e-9
4.03e-9
-14.10e-9
18.53e-9
6.45e-9
2.01e-9
-11.28e-9
6.85e-9
-4.43e-9
-13.70e-9
-18.13e-9
16.52e-9
10.48e-9
29.41e-9
-15.31e-9
13.30e-9
9.27e-9
60.84e-9
36.67e-9
28.21e-9
22.97e-9
2.01e-9
21.36e-9
19.34e-9
22.97e-9
26.59e-9
9.67e-9
3.63e-9
37.47e-9
24.58e-9
11.28e-9
0.00e-9
1.21e-9
9.27e-9
-1.61e-9
-20.55e-9
-6.45e-9
1.61e-9
-5.64e-9
6.04e-9
-20.55e-9
-2.42e-9
-2.82e-9
-22.97e-9
-2.01e-9
-11.68e-9
-13.30e-9
6.04e-9
-3.63e-9
10.88e-9
-3.22e-9
-2.42e-9
9.67e-9
15.31e-9
4.43e-9
26.19e-9
0.00e-9
3.22e-9
7.66e-9
-4.84e-9
-24.58e-9
11.68e-9
6.45e-9
16.52e-9
-21.76e-9
6.45e-9
2.01e-9
13.70e-9
-4.03e-9
11.28e-9
-1.21e-9
27.80e-9
22.56e-9
-16.12e-9
29.82e-9
15.71e-9
8.06e-9
-8.86e-9
8.06e-9
-11.28e-9
2.42e-9
28.21e-9
-22.97e-9
5.64e-9
-12.09e-9
0.40e-9
-20.55e-9
-8.86e-9
-7.66e-9
-2.82e-9
-10.07e-9
-3.63e-9
-4.84e-9
-21.76e-9
2.42e-9
-10.88e-9
-5.24e-9
2.82e-9
-27.00e-9
3.63e-9
-3.63e-9
5.64e-9
-5.64e-9
22.97e-9
-9.27e-9
-29.82e-9
-1.21e-9
-13.30e-9
18.13e-9
0.40e-9
6.45e-9
53.59e-9
14.91e-9
12.09e-9
15.31e-9
21.36e-9
3.22e-9
9.67e-9
8.46e-9
9.27e-9
23.77e-9
4.43e-9
-6.85e-9
15.71e-9
-5.24e-9
2.01e-9
-7.25e-9
10.88e-9
-8.06e-9
10.07e-9
22.56e-9
-14.10e-9
6.45e-9
-0.81e-9
-20.15e-9
-1.61e-9
-0.40e-9
11.28e-9
15.31e-9
-4.84e-9
-5.24e-9
-14.10e-9
6.85e-9
-0.81e-9
2.01e-9
-26.59e-9
-6.45e-9
-10.48e-9
-22.56e-9
-10.48e-9
7.25e-9
3.22e-9
-0.40e-9
4.03e-9
-15.31e-9
0.40e-9
-0.81e-9
4.03e-9
-16.52e-9
11.28e-9
5.64e-9
-14.10e-9
14.51e-9
5.64e-9
-19.34e-9
25.38e-9
8.86e-9
-7.25e-9
24.58e-9
16.12e-9
7.25e-9
58.02e-9
10.07e-9
14.51e-9
5.24e-9
21.36e-9
-2.01e-9
-0.81e-9
-15.31e-9
11.68e-9
-19.34e-9
12.09e-9
6.85e-9
1.21e-9
10.07e-9
2.82e-9
4.43e-9
17.73e-9
-20.15e-9
3.22e-9
-9.67e-9
1.21e-9
-9.27e-9
-2.82e-9
-5.24e-9
-16.12e-9
11.28e-9
1.61e-9
-8.06e-9
0.81e-9
-9.27e-9
-4.43e-9
-20.15e-9
-30.62e-9
3.22e-9
0.00e-9
11.28e-9
-27.00e-9
4.84e-9
-2.82e-9
6.85e-9
14.91e-9
8.46e-9
-6.85e-9
13.30e-9
12.49e-9
16.12e-9
37.07e-9
2.42e-9
10.88e-9
6.45e-9
-9.27e-9
13.70e-9
11.28e-9
5.24e-9
0.00e-9
-5.24e-9
9.67e-9
-2.01e-9
-15.31e-9
13.70e-9
8.86e-9
9.67e-9
-12.09e-9
-4.43e-9
-22.97e-9
-10.48e-9
-5.64e-9
-10.07e-9
-0.40e-9
-7.25e-9
-21.36e-9
16.52e-9
1.61e-9
-12.49e-9
-6.04e-9
15.71e-9
0.40e-9
46.74e-9
11.28e-9
1.61e-9
8.46e-9
23.37e-9
16.12e-9
9.67e-9
8.86e-9
-4.03e-9
4.43e-9
17.33e-9
15.71e-9
18.53e-9
2.42e-9
10.07e-9
4.84e-9
9.27e-9
27.40e-9
18.53e-9
10.07e-9
-13.30e-9
-28.21e-9
12.89e-9
12.49e-9
27.40e-9
7.25e-9
6.85e-9
9.27e-9
-15.31e-9
1.61e-9
-5.24e-9
3.63e-9
16.92e-9
3.22e-9
-2.01e-9
-25.79e-9
8.86e-9
-0.81e-9
-3.22e-9
5.64e-9
-6.45e-9
11.28e-9
-5.64e-9
-19.74e-9
-6.85e-9
-5.24e-9
-22.56e-9
-12.09e-9
4.84e-9
7.66e-9
28.21e-9
5.64e-9
8.86e-9
2.82e-9
0.40e-9
-21.36e-9
10.48e-9
1.21e-9
0.81e-9
6.45e-9
11.68e-9
7.25e-9
11.68e-9
13.70e-9
10.48e-9
-10.48e-9
28.61e-9
-0.40e-9
14.10e-9
2.42e-9
28.61e-9
20.95e-9
13.70e-9
-7.66e-9
-19.34e-9
3.63e-9
-9.27e-9
15.31e-9
10.48e-9
9.67e-9
4.84e-9
28.21e-9
6.45e-9
4.43e-9
-18.53e-9
8.06e-9
-8.06e-9
-3.22e-9
7.66e-9
13.70e-9
1.61e-9
-6.85e-9
-1.21e-9
-19.34e-9
1.21e-9
-10.07e-9
2.42e-9
14.51e-9
6.85e-9
0.81e-9
-26.19e-9
-29.82e-9
2.82e-9
-7.25e-9
-7.66e-9
-4.84e-9
-3.63e-9
23.77e-9
-10.07e-9
21.36e-9
12.89e-9
23.77e-9
-22.16e-9
17.33e-9
6.45e-9
12.89e-9
8.86e-9
10.48e-9
27.80e-9
15.71e-9
15.71e-9
7.25e-9
-12.49e-9
18.13e-9
13.70e-9
49.16e-9
5.64e-9
14.51e-9
11.28e-9
35.46e-9
22.56e-9
9.67e-9
-3.22e-9
7.66e-9
-24.18e-9
6.85e-9
5.24e-9
13.70e-9
-20.95e-9
4.43e-9
1.21e-9
-8.46e-9
6.04e-9
0.81e-9
-13.30e-9
16.92e-9
-14.10e-9
-5.64e-9
-6.85e-9
-4.43e-9
0.40e-9
14.91e-9
-6.45e-9
11.68e-9
-22.97e-9
9.27e-9
4.84e-9
-24.98e-9
7.66e-9
0.00e-9
5.64e-9
-10.88e-9
15.71e-9
0.81e-9
-10.07e-9
-5.64e-9
16.92e-9
20.15e-9
29.01e-9
-1.21e-9
11.28e-9
13.30e-9
-10.07e-9
29.82e-9
15.71e-9
11.28e-9
15.71e-9
1.61e-9
10.88e-9
11.28e-9
-4.84e-9
-2.01e-9
-1.61e-9
46.34e-9
-3.22e-9
-2.01e-9
-5.24e-9
-17.33e-9
-2.82e-9
-4.43e-9
-13.30e-9
4.43e-9
-7.66e-9
6.04e-9
8.46e-9
13.30e-9
-0.40e-9
-3.22e-9
0.00e-9
-31.43e-9
5.24e-9
0.40e-9
4.03e-9
10.07e-9
8.46e-9
7.25e-9
-16.12e-9
14.51e-9
3.63e-9
-5.64e-9
19.74e-9
-6.04e-9
5.64e-9
63.26e-9
-5.64e-9
13.70e-9
1.61e-9
-9.67e-9
19.34e-9
16.12e-9
13.30e-9
37.07e-9
14.10e-9
4.03e-9
42.31e-9
12.09e-9
-23.77e-9
6.85e-9
5.64e-9
10.07e-9
4.84e-9
56.81e-9
7.25e-9
1.21e-9
-0.81e-9
-5.24e-9
-15.31e-9
-20.95e-9
-2.01e-9
-6.04e-9
2.82e-9
10.07e-9
4.43e-9
40.70e-9
4.03e-9
-6.45e-9
-2.82e-9
-23.37e-9
-28.61e-9
-4.43e-9
-6.45e-9
-0.81e-9
16.92e-9
2.42e-9
3.63e-9
-9.67e-9
-29.82e-9
1.21e-9
-4.84e-9
8.86e-9
9.67e-9
9.27e-9
22.16e-9
33.44e-9
23.77e-9
19.34e-9
18.53e-9
-16.52e-9
10.48e-9
6.85e-9
35.05e-9
20.15e-9
18.13e-9
-5.24e-9
20.55e-9
14.10e-9
0.40e-9
-8.46e-9
23.37e-9
-27.00e-9
10.07e-9
0.40e-9
-18.53e-9
-23.37e-9
1.21e-9
39.49e-9
-17.33e-9
-0.40e-9
-5.64e-9
-11.68e-9
-15.31e-9
1.21e-9
1.61e-9
16.92e-9
-12.89e-9
-4.43e-9
-0.40e-9
-0.81e-9
-11.68e-9
0.81e-9
-24.98e-9
-15.31e-9
-24.18e-9
7.66e-9
23.77e-9
-10.88e-9
2.82e-9
6.04e-9
4.03e-9
4.03e-9
1.61e-9
24.98e-9
16.52e-9
20.55e-9
18.94e-9
45.53e-9
10.07e-9
13.70e-9
6.45e-9
27.00e-9
-9.67e-9
-18.53e-9
4.03e-9
2.82e-9
21.76e-9
9.27e-9
8.86e-9
-14.91e-9
-16.92e-9
4.43e-9
-1.21e-9
21.76e-9
2.01e-9
12.89e-9
6.04e-9
9.27e-9
2.01e-9
0.40e-9
30.62e-9
2.01e-9
-12.09e-9
1.21e-9
25.38e-9
-18.13e-9
1.21e-9
-5.24e-9
-2.42e-9
-16.52e-9
-5.24e-9
6.85e-9
1.21e-9
6.45e-9
0.81e-9
37.88e-9
-14.51e-9
-1.61e-9
6.45e-9
-13.70e-9
33.44e-9
9.27e-9
4.43e-9
-0.81e-9
-17.33e-9
5.64e-9
4.84e-9
19.34e-9
-9.27e-9
14.51e-9
-7.25e-9
14.10e-9
35.05e-9
22.56e-9
18.13e-9
-9.27e-9
12.49e-9
6.45e-9
-9.67e-9
-3.22e-9
2.82e-9
5.24e-9
-0.81e-9
11.68e-9
9.27e-9
8.46e-9
-23.77e-9
-11.28e-9
1.61e-9
-3.22e-9
10.88e-9
-22.56e-9
-0.81e-9
-14.91e-9
-13.70e-9
3.22e-9
6.45e-9
33.44e-9
-21.76e-9
3.22e-9
-8.06e-9
-5.64e-9
-3.63e-9
5.24e-9
5.24e-9
-14.10e-9
15.31e-9
3.22e-9
2.01e-9
20.55e-9
9.67e-9
10.88e-9
4.43e-9
19.74e-9
18.94e-9
10.88e-9
10.07e-9
-10.48e-9
13.30e-9
13.30e-9
35.86e-9
6.85e-9
12.49e-9
14.91e-9
0.00e-9
35.05e-9
18.94e-9
4.03e-9
10.48e-9
0.40e-9
2.42e-9
-3.22e-9
-10.48e-9
9.27e-9
5.64e-9
16.52e-9
-6.45e-9
-3.63e-9
-8.46e-9
-15.31e-9
15.71e-9
-4.03e-9
-6.04e-9
6.85e-9
-10.48e-9
-1.21e-9
40.70e-9
3.63e-9
4.43e-9
4.43e-9
-22.16e-9
8.46e-9
-6.45e-9
-2.82e-9
-18.94e-9
8.46e-9
5.64e-9
-5.24e-9
-22.16e-9
2.42e-9
-12.49e-9
-15.71e-9
10.48e-9
10.88e-9
44.73e-9
24.58e-9
20.55e-9
-7.66e-9
5.64e-9
-18.53e-9
7.66e-9
27.80e-9
29.41e-9
12.49e-9
11.68e-9
8.46e-9
20.55e-9
6.45e-9
31.03e-9
-13.30e-9
14.51e-9
-4.43e-9
18.94e-9
2.42e-9
-16.52e-9
10.48e-9
0.81e-9
0.00e-9
-24.18e-9
3.22e-9
-12.89e-9
-3.63e-9
10.48e-9
-12.49e-9
-14.10e-9
4.84e-9
-2.42e-9
37.88e-9
-7.25e-9
0.40e-9
-9.27e-9
-22.97e-9
2.82e-9
-4.43e-9
37.07e-9
-18.13e-9
-16.12e-9
4.03e-9
-1.61e-9
8.86e-9
2.42e-9
4.43e-9
7.25e-9
37.07e-9
2.82e-9
3.22e-9
2.42e-9
-24.18e-9
-20.95e-9
15.71e-9
-2.01e-9
-7.66e-9
-4.84e-9
-0.40e-9
16.12e-9
-8.06e-9
8.06e-9
-4.84e-9
12.89e-9
-17.33e-9
18.53e-9
6.04e-9
8.06e-9
3.63e-9
2.01e-9
3.22e-9
22.97e-9
6.04e-9
8.46e-9
26.59e-9
4.43e-9
4.43e-9
-4.43e-9
-1.21e-9
-4.43e-9
-5.64e-9
-1.61e-9
-22.97e-9
0.00e-9
-0.81e-9
-2.82e-9
-28.21e-9
-33.04e-9
-12.09e-9
-21.36e-9
-19.74e-9
-16.12e-9
12.49e-9
3.22e-9
0.81e-9
-1.21e-9
8.86e-9
3.22e-9
22.16e-9
9.67e-9
6.04e-9
26.19e-9
-16.92e-9
16.12e-9
12.89e-9
0.40e-9
10.48e-9
12.89e-9
6.45e-9
11.28e-9
16.12e-9
11.68e-9
20.55e-9
4.03e-9
27.40e-9
13.30e-9
10.48e-9
-20.55e-9
5.24e-9
6.85e-9
-12.09e-9
16.92e-9
3.63e-9
-0.81e-9
5.24e-9
12.89e-9
0.00e-9
-0.40e-9
-12.09e-9
-27.80e-9
-2.01e-9
-15.31e-9
-10.07e-9
1.61e-9
1.61e-9
-6.85e-9
2.42e-9
0.00e-9
-18.53e-9
12.09e-9
-28.61e-9
-4.43e-9
-3.22e-9
10.07e-9
-17.73e-9
0.81e-9
4.03e-9
8.86e-9
22.97e-9
6.04e-9
4.43e-9
6.45e-9
24.18e-9
13.30e-9
9.67e-9
-16.92e-9
36.67e-9
13.30e-9
13.70e-9
9.27e-9
-9.67e-9
-6.85e-9
-4.84e-9
16.52e-9
20.15e-9
7.66e-9
16.92e-9
-19.34e-9
32.64e-9
11.28e-9
6.85e-9
12.09e-9
-5.64e-9
7.25e-9
4.43e-9
-6.04e-9
-3.63e-9
1.21e-9
-2.82e-9
16.12e-9
-14.51e-9
4.03e-9
3.22e-9
-14.10e-9
-12.09e-9
-7.25e-9
-7.66e-9
-3.63e-9
-31.43e-9
-2.01e-9
-11.28e-9
-21.76e-9
2.82e-9
-20.55e-9
-3.63e-9
13.70e-9
6.04e-9
0.00e-9
11.68e-9
-21.36e-9
7.66e-9
10.88e-9
-6.04e-9
-2.42e-9
8.46e-9
11.28e-9
0.81e-9
12.09e-9
6.04e-9
49.96e-9
1.61e-9
8.86e-9
5.24e-9
16.92e-9
-7.66e-9
14.10e-9
12.49e-9
0.00e-9
13.30e-9
5.64e-9
1.21e-9
-8.46e-9
13.30e-9
10.07e-9
8.86e-9
25.38e-9
8.86e-9
2.42e-9
-17.73e-9
-4.43e-9
4.03e-9
-2.01e-9
4.03e-9
2.42e-9
-7.25e-9
10.07e-9
-14.91e-9
-0.81e-9
-7.66e-9
1.61e-9
0.81e-9
-13.30e-9
1.21e-9
-6.45e-9
14.10e-9
18.94e-9
-0.81e-9
4.43e-9
6.04e-9
-16.52e-9
6.45e-9
1.61e-9
-4.84e-9
-24.18e-9
12.09e-9
6.85e-9
4.84e-9
-15.71e-9
8.86e-9
2.82e-9
-0.81e-9
17.33e-9
6.45e-9
-3.63e-9
25.79e-9
8.46e-9
6.04e-9
17.73e-9
-6.04e-9
2.82e-9
10.48e-9
-20.95e-9
10.48e-9
12.09e-9
4.84e-9
21.76e-9
8.46e-9
5.24e-9
-10.48e-9
19.74e-9
-0.40e-9
6.04e-9
23.37e-9
0.00e-9
0.00e-9
0.00e-9
-19.74e-9
-3.22e-9
-1.21e-9
-1.21e-9
-32.23e-9
-3.63e-9
-23.37e-9
-28.21e-9
10.07e-9
-2.01e-9
6.45e-9
5.64e-9
-27.40e-9
7.25e-9
10.07e-9
14.91e-9
4.03e-9
-0.40e-9
42.31e-9
-9.67e-9
6.85e-9
2.82e-9
-2.42e-9
2.82e-9
14.51e-9
5.24e-9
8.86e-9
35.46e-9
14.51e-9
13.70e-9
4.03e-9
17.73e-9
8.06e-9
11.28e-9
-6.45e-9
14.91e-9
6.85e-9
-19.74e-9
19.74e-9
13.30e-9
6.85e-9
-25.79e-9
6.45e-9
6.85e-9
17.73e-9
2.82e-9
0.40e-9
-10.88e-9
-27.00e-9
-11.68e-9
3.22e-9
-9.27e-9
-4.43e-9
10.88e-9
-4.84e-9
8.06e-9
-4.43e-9
-1.21e-9
13.70e-9
22.16e-9
5.64e-9
0.81e-9
12.89e-9
12.09e-9
-11.28e-9
6.85e-9
4.84e-9
-22.97e-9
22.56e-9
12.49e-9
-0.81e-9
22.97e-9
-0.40e-9
4.84e-9
25.38e-9
-16.52e-9
14.91e-9
14.10e-9
24.98e-9
-5.24e-9
-15.71e-9
6.45e-9
0.40e-9
-13.70e-9
7.25e-9
7.66e-9
4.03e-9
-18.94e-9
0.00e-9
6.85e-9
-18.13e-9
1.21e-9
34.25e-9
-19.34e-9
18.13e-9
8.86e-9
0.81e-9
-11.28e-9
-0.40e-9
-2.01e-9
-0.81e-9
-19.74e-9
1.61e-9
4.43e-9
-13.70e-9
3.22e-9
-4.84e-9
-7.25e-9
-13.70e-9
-3.22e-9
2.82e-9
5.24e-9
36.67e-9
-19.34e-9
3.22e-9
4.03e-9
-33.04e-9
4.84e-9
-4.43e-9
17.33e-9
-3.22e-9
2.42e-9
47.95e-9
21.36e-9
19.34e-9
11.28e-9
47.14e-9
16.52e-9
-22.16e-9
9.67e-9
-0.81e-9
-4.84e-9
6.45e-9
6.85e-9
42.31e-9
0.40e-9
14.51e-9
10.48e-9
-17.33e-9
-5.24e-9
6.85e-9
0.00e-9
-13.30e-9
-30.62e-9
6.45e-9
-10.88e-9
-4.84e-9
-4.84e-9
8.06e-9
-4.84e-9
-15.71e-9
0.40e-9
4.84e-9
-12.09e-9
-31.43e-9
0.40e-9
-4.03e-9
-16.52e-9
-33.04e-9
-3.22e-9
-4.43e-9
-14.51e-9
2.01e-9
3.22e-9
2.42e-9
16.12e-9
17.33e-9
4.03e-9
-20.15e-9
-22.16e-9
3.22e-9
0.40e-9
25.38e-9
10.48e-9
9.27e-9
20.55e-9
-9.27e-9
5.64e-9
11.68e-9
26.19e-9
-15.31e-9
10.88e-9
2.82e-9
14.51e-9
18.53e-9
12.89e-9
40.29e-9
-14.10e-9
-10.88e-9
5.64e-9
1.21e-9
26.59e-9
-22.56e-9
-1.21e-9
-14.51e-9
-30.22e-9
9.67e-9
-12.89e-9
1.21e-9
6.85e-9
-10.48e-9
-8.86e-9
-6.85e-9
7.25e-9
1.21e-9
48.35e-9
-16.92e-9
-3.22e-9
2.42e-9
28.61e-9
-33.04e-9
-6.04e-9
-7.25e-9
5.24e-9
-2.82e-9
4.43e-9
7.66e-9
-20.15e-9
-29.41e-9
4.03e-9
-15.31e-9
0.40e-9
-15.71e-9
7.25e-9
-6.04e-9
-8.86e-9
14.10e-9
3.22e-9
-7.66e-9
24.58e-9
16.12e-9
18.94e-9
-18.53e-9
-15.31e-9
7.25e-9
1.21e-9
19.34e-9
11.28e-9
2.82e-9
8.06e-9
10.48e-9
11.28e-9
9.27e-9
6.85e-9
43.52e-9
-8.06e-9
0.00e-9
49.16e-9
5.64e-9
5.24e-9
-2.82e-9
-14.91e-9
-12.89e-9
-1.61e-9
1.21e-9
-8.06e-9
-20.95e-9
-4.43e-9
4.43e-9
-3.63e-9
-22.56e-9
-1.61e-9
-19.34e-9
2.82e-9
-6.04e-9
-4.84e-9
22.97e-9
6.45e-9
7.25e-9
-14.10e-9
28.61e-9
1.61e-9
-2.01e-9
14.91e-9
1.21e-9
10.48e-9
12.09e-9
-12.49e-9
-9.67e-9
13.30e-9
10.48e-9
24.58e-9
19.34e-9
12.49e-9
13.30e-9
-13.30e-9
-19.74e-9
9.27e-9
3.22e-9
-18.53e-9
11.28e-9
10.88e-9
-1.61e-9
4.84e-9
7.66e-9
-3.22e-9
10.48e-9
-22.56e-9
5.24e-9
1.21e-9
-25.79e-9
-32.64e-9
-3.63e-9
-17.73e-9
-29.01e-9
0.40e-9
-10.88e-9
13.70e-9
-25.38e-9
-3.63e-9
38.28e-9
19.74e-9
-16.52e-9
12.89e-9
2.42e-9
-12.49e-9
7.66e-9
2.42e-9
5.24e-9
-3.63e-9
10.88e-9
6.04e-9
7.25e-9
17.73e-9
4.03e-9
14.10e-9
14.91e-9
27.40e-9
33.44e-9
11.68e-9
9.27e-9
-9.27e-9
27.40e-9
7.66e-9
6.85e-9
13.30e-9
31.03e-9
11.28e-9
10.48e-9
20.15e-9
10.07e-9
14.51e-9
11.68e-9
8.46e-9
3.22e-9
-3.63e-9
5.24e-9
4.43e-9
1.21e-9
-20.95e-9
4.03e-9
-3.63e-9
-13.70e-9
-2.01e-9
-4.84e-9
-4.03e-9
2.01e-9
20.15e-9
-15.31e-9
3.22e-9
-18.13e-9
-18.13e-9
-25.38e-9
-1.21e-9
-7.25e-9
-22.97e-9
-2.42e-9
2.42e-9
-3.22e-9
-7.25e-9
2.01e-9
-7.25e-9
-11.68e-9
12.09e-9
12.49e-9
11.68e-9
24.18e-9
23.37e-9
11.28e-9
25.38e-9
-18.13e-9
13.70e-9
1.21e-9
45.53e-9
35.86e-9
21.76e-9
16.92e-9
-6.04e-9
33.85e-9
1.21e-9
2.82e-9
-6.04e-9
-10.48e-9
3.22e-9
-10.07e-9
3.63e-9
31.43e-9
0.81e-9
2.42e-9
-0.40e-9
-1.21e-9
0.81e-9
-2.42e-9
2.82e-9
-18.94e-9
-1.61e-9
-1.61e-9
-29.82e-9
-26.59e-9
2.01e-9
-17.33e-9
2.82e-9
2.01e-9
8.46e-9
7.25e-9
9.67e-9
11.28e-9
0.81e-9
11.68e-9
-4.43e-9
-2.01e-9
-20.55e-9
-12.89e-9
11.68e-9
7.25e-9
27.80e-9
5.64e-9
16.12e-9
-2.01e-9
22.97e-9
19.74e-9
13.70e-9
-4.43e-9
23.37e-9
12.09e-9
10.88e-9
47.14e-9
10.48e-9
-23.37e-9
12.49e-9
-5.24e-9
10.88e-9
9.67e-9
-0.40e-9
0.40e-9
-22.56e-9
-4.84e-9
0.00e-9
2.82e-9
11.28e-9
7.25e-9
37.47e-9
11.28e-9
-6.85e-9
-7.66e-9
4.84e-9
-5.64e-9
-4.43e-9
-23.77e-9
-25.38e-9
-3.63e-9
-17.33e-9
0.00e-9
-23.77e-9
-5.24e-9
-1.21e-9
-14.91e-9
-28.21e-9
0.40e-9
-17.73e-9
16.12e-9
8.06e-9
10.48e-9
-0.81e-9
-27.00e-9
18.13e-9
16.52e-9
9.67e-9
15.31e-9
22.16e-9
14.51e-9
23.77e-9
-14.91e-9
9.27e-9
10.88e-9
-15.31e-9
0.81e-9
15.31e-9
11.68e-9
45.53e-9
4.43e-9
-5.24e-9
-8.46e-9
4.03e-9
22.56e-9
7.66e-9
1.21e-9
18.94e-9
11.28e-9
0.40e-9
40.29e-9
-22.56e-9
1.61e-9
-6.45e-9
-8.86e-9
-33.04e-9
-2.42e-9
45.53e-9
21.36e-9
-24.58e-9
-0.81e-9
-21.36e-9
-27.00e-9
-33.44e-9
-4.03e-9
-17.73e-9
-11.68e-9
7.66e-9
0.00e-9
39.49e-9
-2.82e-9
5.64e-9
-3.63e-9
-5.64e-9
6.85e-9
6.04e-9
-7.66e-9
-6.04e-9
17.73e-9
11.68e-9
12.49e-9
-16.52e-9
23.77e-9
11.28e-9
-3.22e-9
24.58e-9
-6.04e-9
4.84e-9
2.01e-9
30.62e-9
11.28e-9
10.48e-9
-16.92e-9
7.25e-9
4.43e-9
8.46e-9
16.52e-9
-16.52e-9
6.45e-9
-5.24e-9
1.61e-9
14.10e-9
1.21e-9
3.22e-9
-11.28e-9
-3.63e-9
-2.42e-9
-1.61e-9
-4.84e-9
-5.24e-9
12.09e-9
0.00e-9
-4.03e-9
8.46e-9
16.52e-9
-11.68e-9
-1.61e-9
-10.07e-9
3.63e-9
-28.61e-9
5.64e-9
5.24e-9
-16.12e-9
10.07e-9
3.63e-9
0.81e-9
9.27e-9
6.04e-9
10.88e-9
43.92e-9
10.88e-9
13.70e-9
10.88e-9
19.74e-9
15.71e-9
12.49e-9
7.66e-9
1.21e-9
4.84e-9
24.18e-9
12.09e-9
-8.86e-9
21.36e-9
12.89e-9
6.04e-9
13.30e-9
15.71e-9
8.46e-9
-10.88e-9
1.21e-9
7.25e-9
6.85e-9
20.55e-9
-18.53e-9
6.04e-9
-1.61e-9
-1.21e-9
10.07e-9
-25.79e-9
-4.43e-9
-16.92e-9
-4.03e-9
-3.63e-9
-10.88e-9
-21.36e-9
9.67e-9
-4.43e-9
3.22e-9
8.86e-9
2.01e-9
1.21e-9
0.00e-9
-1.21e-9
7.25e-9
3.63e-9
17.33e-9
-16.92e-9
10.07e-9
6.45e-9
13.70e-9
-11.68e-9
8.46e-9
-0.40e-9
-5.64e-9
-15.31e-9
1.61e-9
47.55e-9
34.25e-9
-13.30e-9
15.31e-9
16.12e-9
36.67e-9
-19.74e-9
22.56e-9
-11.68e-9
4.03e-9
-0.40e-9
7.66e-9
-1.61e-9
-10.07e-9
3.22e-9
4.43e-9
4.03e-9
2.01e-9
-16.92e-9
18.94e-9
16.12e-9
4.84e-9
1.21e-9
0.40e-9
-11.68e-9
7.66e-9
-1.21e-9
0.40e-9
2.01e-9
-0.81e-9
17.73e-9
9.27e-9
-10.48e-9
-9.27e-9
-15.31e-9
-23.37e-9
20.55e-9
-1.21e-9
0.40e-9
-4.84e-9
11.68e-9
6.85e-9
25.38e-9
7.66e-9
15.71e-9
26.59e-9
22.97e-9
16.12e-9
9.27e-9
52.78e-9
6.04e-9
4.43e-9
31.83e-9
10.48e-9
60.44e-9
9.27e-9
20.15e-9
9.67e-9
4.43e-9
19.34e-9
10.07e-9
12.09e-9
-6.45e-9
16.52e-9
-2.42e-9
-9.27e-9
-10.48e-9
13.70e-9
6.04e-9
32.64e-9
18.53e-9
-31.03e-9
-4.03e-9
-6.85e-9
-5.24e-9
3.22e-9
-8.06e-9
-2.82e-9
16.92e-9
0.81e-9
-2.42e-9
1.21e-9
-0.40e-9
-3.22e-9
7.25e-9
6.45e-9
-0.81e-9
1.61e-9
-17.73e-9
17.73e-9
-2.82e-9
-12.49e-9
10.88e-9
-11.68e-9
12.09e-9
16.12e-9
9.67e-9
15.31e-9
14.91e-9
-11.68e-9
35.05e-9
16.52e-9
-1.61e-9
-19.74e-9
-4.43e-9
9.27e-9
56.41e-9
-10.88e-9
14.10e-9
9.67e-9
-4.03e-9
22.16e-9
11.68e-9
5.24e-9
-19.74e-9
14.51e-9
2.01e-9
5.64e-9
19.74e-9
-28.61e-9
1.21e-9
0.00e-9
7.66e-9
4.03e-9
1.61e-9
-1.61e-9
-5.64e-9
0.00e-9
-17.73e-9
9.27e-9
1.61e-9
-18.94e-9
-5.24e-9
9.67e-9
8.46e-9
-12.89e-9
-20.15e-9
1.21e-9
-3.63e-9
5.24e-9
-15.31e-9
10.88e-9
5.64e-9
5.64e-9
5.24e-9
12.89e-9
2.42e-9
-2.82e-9
15.31e-9
10.07e-9
30.22e-9
8.46e-9
-6.45e-9
7.25e-9
-4.43e-9
26.59e-9
16.92e-9
13.70e-9
10.48e-9
-9.27e-9
20.15e-9
10.88e-9
24.58e-9
-8.86e-9
2.82e-9
43.92e-9
-11.68e-9
-17.73e-9
-20.95e-9
4.03e-9
-2.01e-9
4.84e-9
-2.82e-9
21.36e-9
7.25e-9
-16.92e-9
-1.21e-9
-4.84e-9
20.55e-9
-5.24e-9
-0.81e-9
8.86e-9
-10.07e-9
-6.85e-9
41.10e-9
-3.63e-9
-29.01e-9
8.86e-9
6.04e-9
21.76e-9
-4.03e-9
6.45e-9
29.82e-9
16.12e-9
11.28e-9
5.64e-9
0.00e-9
-14.91e-9
25.38e-9
14.91e-9
40.70e-9
-4.43e-9
6.85e-9
7.25e-9
0.00e-9
20.95e-9
13.30e-9
53.99e-9
24.98e-9
-5.64e-9
8.46e-9
43.52e-9
-14.51e-9
14.51e-9
14.51e-9
-5.64e-9
4.84e-9
7.66e-9
41.90e-9
5.64e-9
-4.03e-9
-8.46e-9
8.86e-9
-12.09e-9
1.21e-9
-1.21e-9
-20.95e-9
1.61e-9
8.46e-9
-6.04e-9
1.21e-9
-6.04e-9
-2.82e-9
-4.03e-9
16.92e-9
-32.23e-9
8.86e-9
-5.24e-9
-27.40e-9
3.63e-9
-5.64e-9
27.80e-9
10.07e-9
10.48e-9
-3.63e-9
0.00e-9
18.13e-9
13.30e-9
-12.09e-9
12.09e-9
39.08e-9
21.76e-9
16.12e-9
-8.46e-9
8.06e-9
-6.04e-9
14.10e-9
14.10e-9
26.19e-9
9.27e-9
7.66e-9
-0.40e-9
11.28e-9
9.67e-9
5.24e-9
2.01e-9
-21.36e-9
6.45e-9
4.03e-9
-1.61e-9
-21.36e-9
0.81e-9
-16.52e-9
-26.19e-9
-24.98e-9
-4.84e-9
-2.01e-9
-25.79e-9
3.63e-9
33.85e-9
0.00e-9
-14.10e-9
-1.61e-9
-8.06e-9
-11.28e-9
-18.13e-9
-4.84e-9
-1.21e-9
-24.18e-9
15.71e-9
6.85e-9
6.04e-9
-16.92e-9
-15.31e-9
-1.21e-9
-6.45e-9
-8.46e-9
8.46e-9
7.25e-9
-10.07e-9
29.82e-9
13.30e-9
-1.61e-9
14.10e-9
-14.10e-9
0.81e-9
0.40e-9
15.71e-9
-16.52e-9
15.31e-9
10.88e-9
-6.85e-9
15.71e-9
12.09e-9
-6.45e-9
-15.71e-9
16.12e-9
7.66e-9
50.77e-9
-16.92e-9
11.68e-9
4.03e-9
12.49e-9
-4.84e-9
-22.97e-9
-4.43e-9
-9.27e-9
4.03e-9
-2.82e-9
-2.42e-9
-17.33e-9
9.67e-9
-1.21e-9
-1.21e-9
-16.92e-9
-25.79e-9
-1.21e-9
-0.81e-9
10.88e-9
0.81e-9
-0.40e-9
-18.13e-9
24.18e-9
7.25e-9
8.06e-9
-4.43e-9
16.12e-9
8.46e-9
4.43e-9
-29.01e-9
16.12e-9
27.80e-9
32.64e-9
10.48e-9
7.66e-9
40.29e-9
-7.25e-9
5.64e-9
-4.03e-9
13.70e-9
-14.91e-9
12.89e-9
-1.61e-9
0.00e-9
1.21e-9
8.46e-9
11.28e-9
25.38e-9
-6.85e-9
9.67e-9
1.21e-9
-26.19e-9
6.85e-9
-1.61e-9
-16.92e-9
-13.30e-9
-6.45e-9
-4.03e-9
-12.89e-9
-10.07e-9
2.42e-9
-2.01e-9
-25.79e-9
4.84e-9
-3.22e-9
-0.40e-9
-6.85e-9
-31.03e-9
-2.42e-9
-4.03e-9
0.00e-9
-1.21e-9
17.33e-9
-0.40e-9
-22.16e-9
8.46e-9
36.26e-9
12.89e-9
-14.91e-9
5.64e-9
5.64e-9
35.86e-9
12.89e-9
12.09e-9
11.68e-9
10.07e-9
12.09e-9
6.45e-9
10.07e-9
-18.53e-9
16.12e-9
-9.27e-9
-9.67e-9
8.86e-9
16.92e-9
6.45e-9
24.18e-9
-18.13e-9
8.46e-9
2.82e-9
-21.76e-9
18.13e-9
10.07e-9
1.61e-9
-14.91e-9
6.45e-9
2.01e-9
-18.53e-9
-10.48e-9
-9.27e-9
-8.06e-9
-24.98e-9
0.40e-9
4.03e-9
0.81e-9
-16.92e-9
18.53e-9
-3.63e-9
-1.61e-9
-12.09e-9
8.46e-9
-0.40e-9
-31.43e-9
-0.81e-9
-8.86e-9
-16.52e-9
-11.68e-9
9.67e-9
0.81e-9
-12.09e-9
10.48e-9
57.22e-9
24.18e-9
-9.67e-9
14.91e-9
14.10e-9
20.95e-9
-6.45e-9
18.94e-9
11.68e-9
-11.28e-9
-7.25e-9
12.49e-9
12.89e-9
-13.70e-9
7.25e-9
4.03e-9
31.43e-9
-4.03e-9
9.67e-9
2.01e-9
4.84e-9
-11.68e-9
-2.01e-9
-8.06e-9
-3.63e-9
0.40e-9
5.64e-9
1.61e-9
-23.77e-9
-12.49e-9
2.42e-9
-4.84e-9
-26.19e-9
10.07e-9
-6.45e-9
-6.45e-9
8.86e-9
-2.01e-9
0.81e-9
-0.40e-9
21.76e-9
4.84e-9
0.40e-9
23.77e-9
9.67e-9
10.88e-9
47.14e-9
3.22e-9
0.40e-9
11.68e-9
7.25e-9
-13.70e-9
18.94e-9
8.86e-9
27.00e-9
29.01e-9
20.95e-9
2.01e-9
8.06e-9
-9.67e-9
19.34e-9
10.88e-9
-19.34e-9
27.00e-9
19.74e-9
9.67e-9
-20.15e-9
6.04e-9
3.63e-9
12.89e-9
2.01e-9
11.28e-9
3.22e-9
7.66e-9
-31.03e-9
8.86e-9
-2.01e-9
-21.36e-9
2.01e-9
4.84e-9
-8.46e-9
-32.64e-9
-8.06e-9
-15.71e-9
1.61e-9
-28.61e-9
0.00e-9
4.03e-9
-3.22e-9
-16.92e-9
5.24e-9
-2.01e-9
-15.71e-9
-19.34e-9
4.03e-9
-1.21e-9
13.30e-9
-17.73e-9
5.64e-9
19.74e-9
27.00e-9
8.46e-9
8.06e-9
15.71e-9
-22.97e-9
19.74e-9
12.49e-9
-14.10e-9
-8.06e-9
8.46e-9
15.71e-9
0.40e-9
18.53e-9
51.58e-9
22.97e-9
-10.48e-9
5.64e-9
-7.25e-9
-17.33e-9
19.74e-9
12.49e-9
8.46e-9
15.71e-9
6.85e-9
-5.24e-9
-1.61e-9
-21.76e-9
15.31e-9
-4.84e-9
-3.63e-9
11.28e-9
-0.40e-9
-2.01e-9
-11.68e-9
1.61e-9
1.61e-9
-4.84e-9
-16.92e-9
-21.76e-9
4.03e-9
3.22e-9
-9.27e-9
8.46e-9
8.46e-9
39.49e-9
10.07e-9
2.82e-9
0.40e-9
12.89e-9
-12.49e-9
7.66e-9
7.25e-9
-25.79e-9
25.38e-9
15.31e-9
14.51e-9
25.38e-9
-16.12e-9
14.51e-9
9.27e-9
14.10e-9
6.04e-9
12.49e-9
-4.03e-9
2.01e-9
23.37e-9
16.12e-9
12.49e-9
10.48e-9
2.42e-9
0.00e-9
13.70e-9
-16.92e-9
-2.82e-9
1.61e-9
-9.67e-9
12.49e-9
5.64e-9
46.34e-9
-8.86e-9
-20.15e-9
-2.01e-9
1.21e-9
4.84e-9
-17.73e-9
-6.45e-9
-16.12e-9
1.61e-9
-0.81e-9
-8.06e-9
39.49e-9
-1.61e-9
-1.21e-9
1.61e-9
-18.94e-9
10.48e-9
7.25e-9
-22.16e-9
7.25e-9
8.06e-9
7.25e-9
-17.73e-9
8.86e-9
-4.03e-9
-7.25e-9
34.25e-9
20.95e-9
-0.81e-9
-14.51e-9
5.24e-9
16.52e-9
9.27e-9
-7.66e-9
25.38e-9
9.27e-9
15.71e-9
32.64e-9
10.88e-9
14.10e-9
8.06e-9
12.89e-9
-5.24e-9
4.43e-9
4.03e-9
-16.12e-9
8.46e-9
-6.04e-9
-10.07e-9
14.91e-9
-5.64e-9
0.81e-9
0.81e-9
11.28e-9
2.82e-9
3.63e-9
-3.22e-9
-6.45e-9
-10.88e-9
38.68e-9
-23.37e-9
-1.61e-9
-3.63e-9
-21.76e-9
20.15e-9
6.04e-9
-8.46e-9
11.28e-9
4.84e-9
7.66e-9
5.24e-9
-20.15e-9
1.21e-9
7.66e-9
8.06e-9
12.49e-9
-17.33e-9
6.45e-9
-3.63e-9
33.44e-9
16.92e-9
2.82e-9
-15.31e-9
26.59e-9
14.51e-9
-9.67e-9
37.88e-9
21.76e-9
14.51e-9
-6.04e-9
10.48e-9
-7.25e-9
6.04e-9
-20.55e-9
2.42e-9
-15.71e-9
-16.12e-9
8.06e-9
3.63e-9
1.61e-9
3.63e-9
-23.37e-9
-1.61e-9
-16.52e-9
-3.63e-9
-18.13e-9
-5.24e-9
33.04e-9
-13.70e-9
-5.24e-9
-12.89e-9
3.63e-9
-10.48e-9
-6.85e-9
34.25e-9
1.21e-9
-17.33e-9
3.63e-9
4.03e-9
-3.63e-9
-22.56e-9
-4.03e-9
-10.48e-9
-20.95e-9
4.84e-9
9.67e-9
35.05e-9
30.62e-9
11.28e-9
13.70e-9
5.24e-9
4.43e-9
10.48e-9
7.66e-9
-3.63e-9
22.56e-9
12.89e-9
11.28e-9
28.61e-9
-15.31e-9
16.52e-9
13.70e-9
-27.80e-9
4.84e-9
-6.04e-9
6.45e-9
22.97e-9
0.81e-9
-1.21e-9
5.24e-9
-14.10e-9
4.43e-9
-9.27e-9
-11.68e-9
-1.61e-9
0.40e-9
-0.81e-9
17.33e-9
5.64e-9
-3.63e-9
6.45e-9
-21.36e-9
0.00e-9
-4.84e-9
-7.25e-9
15.71e-9
-2.42e-9
-2.82e-9
27.40e-9
-15.31e-9
10.88e-9
8.06e-9
-13.70e-9
5.64e-9
4.03e-9
10.88e-9
33.44e-9
3.63e-9
6.45e-9
19.34e-9
-16.12e-9
9.67e-9
7.25e-9
14.91e-9
-11.28e-9
8.06e-9
4.03e-9
24.98e-9
3.22e-9
14.10e-9
6.04e-9
-14.10e-9
19.74e-9
8.06e-9
4.43e-9
8.06e-9
-1.61e-9
6.85e-9
-1.21e-9
-18.94e-9
8.86e-9
0.81e-9
47.95e-9
23.37e-9
3.63e-9
0.40e-9
-7.25e-9
5.24e-9
-14.91e-9
-27.80e-9
4.43e-9
-9.67e-9
-11.68e-9
3.63e-9
-20.95e-9
6.85e-9
0.00e-9
49.96e-9
-12.49e-9
5.64e-9
-0.40e-9
11.68e-9
3.63e-9
-0.40e-9
3.22e-9
-16.12e-9
22.16e-9
14.91e-9
4.43e-9
20.95e-9
13.30e-9
5.64e-9
-2.82e-9
19.34e-9
-2.42e-9
5.24e-9
62.05e-9
28.21e-9
22.56e-9
19.74e-9
60.44e-9
2.82e-9
12.49e-9
5.24e-9
-12.09e-9
7.66e-9
12.89e-9
-8.86e-9
24.98e-9
4.43e-9
-4.43e-9
-16.92e-9
-1.21e-9
8.46e-9
2.42e-9
0.81e-9
-33.85e-9
-4.03e-9
-4.43e-9
-24.58e-9
-31.43e-9
-14.10e-9
2.42e-9
8.06e-9
6.45e-9
-6.45e-9
36.67e-9
-26.59e-9
4.43e-9
1.61e-9
-14.91e-9
17.73e-9
-8.06e-9
-3.63e-9
16.52e-9
8.46e-9
8.46e-9
-20.55e-9
25.38e-9
5.24e-9
3.63e-9
22.56e-9
-13.70e-9
20.15e-9
13.70e-9
-11.28e-9
29.82e-9
-3.22e-9
19.74e-9
-2.82e-9
5.64e-9
6.04e-9
-1.61e-9
26.19e-9
18.94e-9
6.85e-9
3.22e-9
-23.37e-9
11.68e-9
4.03e-9
45.53e-9
1.61e-9
1.21e-9
4.84e-9
-19.74e-9
17.73e-9
9.67e-9
-26.19e-9
7.66e-9
-9.67e-9
-4.43e-9
20.15e-9
-24.18e-9
6.04e-9
6.04e-9
-9.27e-9
-22.56e-9
-11.28e-9
-11.28e-9
36.67e-9
1.21e-9
4.03e-9
-3.22e-9
2.01e-9
10.88e-9
5.64e-9
5.64e-9
28.61e-9
-16.12e-9
7.25e-9
34.65e-9
14.51e-9
11.68e-9
9.67e-9
-12.09e-9
17.33e-9
20.15e-9
15.31e-9
27.80e-9
2.42e-9
16.52e-9
18.53e-9
13.70e-9
2.01e-9
9.67e-9
-7.66e-9
-14.10e-9
16.92e-9
4.43e-9
0.00e-9
7.66e-9
-18.53e-9
18.13e-9
12.89e-9
41.10e-9
1.21e-9
6.85e-9
1.21e-9
11.68e-9
2.01e-9
-6.45e-9
-6.85e-9
-10.07e-9
10.48e-9
2.82e-9
-9.27e-9
-24.18e-9
-4.43e-9
-7.25e-9
2.82e-9
-7.66e-9
-8.86e-9
-5.64e-9
11.28e-9
-3.63e-9
2.42e-9
2.82e-9
-3.22e-9
10.48e-9
10.07e-9
-22.16e-9
14.51e-9
19.74e-9
12.89e-9
-0.81e-9
-18.13e-9
14.51e-9
10.48e-9
0.81e-9
27.00e-9
11.28e-9
15.71e-9
-13.30e-9
22.97e-9
1.61e-9
-22.16e-9
17.73e-9
0.40e-9
-1.61e-9
26.19e-9
2.82e-9
14.51e-9
8.46e-9
6.04e-9
27.80e-9
9.27e-9
7.66e-9
41.90e-9
4.43e-9
-0.81e-9
-20.95e-9
4.84e-9
-31.03e-9
3.22e-9
-6.04e-9
-3.63e-9
-0.81e-9
-6.85e-9
-16.92e-9
-4.84e-9
-4.03e-9
-12.49e-9
-16.52e-9
5.24e-9
-4.43e-9
-0.40e-9
-22.16e-9
6.85e-9
8.86e-9
-16.52e-9
11.28e-9
2.82e-9
-0.81e-9
-17.73e-9
10.48e-9
18.94e-9
20.55e-9
11.28e-9
25.79e-9
-6.85e-9
4.03e-9
43.92e-9
17.33e-9
-23.37e-9
12.49e-9
12.89e-9
18.94e-9
8.46e-9
52.78e-9
6.85e-9
7.66e-9
5.24e-9
5.24e-9
10.07e-9
2.82e-9
-20.15e-9
6.85e-9
1.21e-9
3.63e-9
12.09e-9
-6.85e-9
11.28e-9
4.43e-9
-7.25e-9
9.67e-9
-14.51e-9
-4.03e-9
-18.53e-9
-2.01e-9
-22.56e-9
-7.25e-9
-9.67e-9
-1.21e-9
-0.81e-9
-9.67e-9
0.00e-9
-17.73e-9
2.82e-9
37.88e-9
4.43e-9
-6.04e-9
3.22e-9
8.06e-9
1.21e-9
9.27e-9
0.81e-9
36.67e-9
-3.22e-9
11.28e-9
-6.45e-9
14.10e-9
11.68e-9
4.84e-9
8.46e-9
22.16e-9
-18.94e-9
19.34e-9
7.25e-9
-8.06e-9
15.71e-9
4.03e-9
-13.30e-9
24.98e-9
8.86e-9
-2.01e-9
-10.48e-9
-27.00e-9
4.84e-9
0.00e-9
20.55e-9
-2.82e-9
-1.21e-9
-0.81e-9
12.09e-9
-4.03e-9
-4.03e-9
-3.22e-9
-13.70e-9
1.61e-9
0.81e-9
3.63e-9
0.00e-9
-0.40e-9
0.40e-9
5.24e-9
19.34e-9
8.86e-9
5.24e-9
3.22e-9
1.61e-9
6.45e-9
5.64e-9
-17.73e-9
12.09e-9
9.67e-9
4.84e-9
-22.97e-9
11.28e-9
13.70e-9
-11.68e-9
29.01e-9
13.70e-9
10.07e-9
24.18e-9
-10.07e-9
15.71e-9
1.61e-9
21.36e-9
18.53e-9
10.07e-9
29.41e-9
-22.16e-9
16.52e-9
10.07e-9
9.67e-9
-10.48e-9
2.42e-9
-2.42e-9
21.76e-9
1.21e-9
14.51e-9
-1.21e-9
-4.03e-9
-6.04e-9
3.63e-9
-2.42e-9
-4.84e-9
6.85e-9
-2.42e-9
-2.82e-9
20.55e-9
-10.48e-9
-3.63e-9
31.83e-9
4.43e-9
-1.61e-9
1.61e-9
12.89e-9
2.42e-9
2.82e-9
-1.21e-9
8.06e-9
-7.66e-9
7.66e-9
32.64e-9
5.24e-9
18.13e-9
8.86e-9
-15.31e-9
31.43e-9
11.68e-9
15.71e-9
-4.03e-9
14.51e-9
19.34e-9
16.12e-9
24.18e-9
22.97e-9
7.25e-9
11.28e-9
11.68e-9
-23.77e-9
3.63e-9
6.04e-9
18.13e-9
10.48e-9
6.04e-9
26.59e-9
1.61e-9
-3.63e-9
27.80e-9
-5.24e-9
-13.30e-9
4.03e-9
-8.86e-9
-3.63e-9
-6.85e-9
-8.46e-9
-0.81e-9
9.67e-9
7.66e-9
-4.84e-9
-21.76e-9
-17.73e-9
-10.07e-9
-6.04e-9
33.85e-9
12.49e-9
-19.74e-9
4.03e-9
0.00e-9
21.36e-9
-3.63e-9
5.64e-9
39.49e-9
9.27e-9
5.24e-9
6.45e-9
16.12e-9
14.91e-9
15.31e-9
48.35e-9
-14.51e-9
15.31e-9
-1.21e-9
-20.95e-9
14.51e-9
14.91e-9
8.46e-9
25.38e-9
17.33e-9
11.68e-9
14.10e-9
14.10e-9
7.66e-9
1.61e-9
18.13e-9
13.70e-9
8.46e-9
10.88e-9
-4.84e-9
26.19e-9
12.49e-9
6.85e-9
0.40e-9
6.45e-9
5.24e-9
14.91e-9
-8.86e-9
-9.27e-9
-2.42e-9
-8.86e-9
12.09e-9
-4.03e-9
-6.85e-9
35.86e-9
-19.34e-9
-33.44e-9
2.82e-9
-0.81e-9
24.58e-9
7.25e-9
9.27e-9
6.85e-9
8.86e-9
7.66e-9
8.46e-9
1.61e-9
4.03e-9
5.24e-9
3.63e-9
-24.98e-9
-0.40e-9
15.31e-9
19.34e-9
26.59e-9
-11.28e-9
4.03e-9
-3.63e-9
-19.74e-9
10.88e-9
6.04e-9
20.55e-9
13.30e-9
12.49e-9
14.51e-9
-14.51e-9
7.25e-9
6.85e-9
6.04e-9
-9.27e-9
8.06e-9
11.68e-9
12.09e-9
-15.31e-9
-3.22e-9
-7.25e-9
-8.86e-9
4.03e-9
-3.22e-9
2.82e-9
-25.79e-9
21.76e-9
1.61e-9
3.63e-9
10.88e-9
-21.76e-9
-2.82e-9
-11.68e-9
-4.43e-9
2.82e-9
-6.04e-9
11.28e-9
8.06e-9
-1.61e-9
40.29e-9
-20.95e-9
6.04e-9
39.89e-9
3.22e-9
15.71e-9
8.06e-9
39.89e-9
9.67e-9
18.53e-9
14.51e-9
7.25e-9
-19.74e-9
-18.53e-9
19.74e-9
11.68e-9
6.04e-9
-20.95e-9
1.21e-9
6.85e-9
-5.64e-9
12.09e-9
12.49e-9
-15.31e-9
24.58e-9
5.64e-9
-1.21e-9
14.10e-9
6.85e-9
3.63e-9
1.21e-9
2.42e-9
3.63e-9
-2.42e-9
-11.68e-9
-2.82e-9
-0.40e-9
-8.06e-9
-18.53e-9
4.84e-9
-2.01e-9
6.04e-9
10.48e-9
-7.66e-9
-3.63e-9
9.67e-9
9.67e-9
6.45e-9
-6.85e-9
-8.06e-9
10.88e-9
5.64e-9
2.82e-9
2.82e-9
2.01e-9
-1.61e-9
2.42e-9
-22.97e-9
5.24e-9
2.82e-9
13.70e-9
24.58e-9
20.55e-9
10.07e-9
1.61e-9
-16.12e-9
4.43e-9
-8.06e-9
-15.31e-9
-10.48e-9
23.37e-9
15.71e-9
8.86e-9
-10.48e-9
-1.61e-9
1.21e-9
48.35e-9
-21.76e-9
7.66e-9
9.67e-9
-16.52e-9
4.84e-9
9.27e-9
-2.01e-9
-31.43e-9
-9.27e-9
-17.73e-9
-27.00e-9
-21.76e-9
-8.46e-9
38.28e-9
-3.22e-9
-31.43e-9
-3.22e-9
-9.67e-9
2.42e-9
1.61e-9
2.01e-9
14.91e-9
-20.55e-9
13.30e-9
-1.61e-9
-24.58e-9
14.10e-9
-2.82e-9
5.24e-9
-13.70e-9
14.91e-9
12.89e-9
-13.30e-9
6.85e-9
-5.64e-9
10.48e-9
0.00e-9
5.64e-9
3.63e-9
0.81e-9
-10.07e-9
21.76e-9
14.51e-9
13.30e-9
22.56e-9
37.47e-9
12.09e-9
7.25e-9
4.84e-9
-23.77e-9
11.68e-9
-1.61e-9
4.03e-9
4.84e-9
2.01e-9
-17.73e-9
-25.79e-9
-5.24e-9
-6.04e-9
14.10e-9
17.33e-9
4.84e-9
1.61e-9
10.48e-9
-11.68e-9
6.45e-9
39.89e-9
15.71e-9
-6.04e-9
-10.07e-9
5.64e-9
-13.70e-9
0.00e-9
-16.12e-9
-6.85e-9
15.31e-9
-2.82e-9
4.03e-9
16.12e-9
7.25e-9
12.49e-9
-19.74e-9
20.55e-9
13.30e-9
51.17e-9
22.97e-9
17.73e-9
11.68e-9
12.49e-9
-20.95e-9
-17.33e-9
1.21e-9
-8.06e-9
-12.49e-9
23.37e-9
16.92e-9
1.21e-9
-27.40e-9
2.82e-9
-11.28e-9
9.27e-9
-22.97e-9
6.85e-9
-12.09e-9
5.64e-9
-22.97e-9
3.22e-9
-1.61e-9
19.34e-9
-32.64e-9
-1.61e-9
-11.28e-9
-24.98e-9
1.21e-9
-28.61e-9
-6.45e-9
-2.82e-9
2.42e-9
-3.22e-9
-29.41e-9
-15.71e-9
-2.42e-9
37.88e-9
-16.52e-9
-6.85e-9
-0.40e-9
-2.01e-9
-25.38e-9
8.46e-9
-0.81e-9
7.66e-9
19.74e-9
11.28e-9
7.25e-9
10.07e-9
-10.07e-9
16.12e-9
12.49e-9
-17.33e-9
15.31e-9
10.88e-9
8.06e-9
34.25e-9
16.12e-9
9.27e-9
14.51e-9
-10.88e-9
15.71e-9
8.46e-9
20.55e-9
-3.22e-9
20.55e-9
6.85e-9
-6.85e-9
9.67e-9
2.42e-9
-2.01e-9
-8.86e-9
-0.40e-9
-2.82e-9
-9.27e-9
-16.52e-9
-4.84e-9
-2.01e-9
-2.42e-9
-3.63e-9
5.64e-9
0.40e-9
-16.92e-9
-29.82e-9
-4.03e-9
-19.74e-9
-7.25e-9
-17.33e-9
8.46e-9
2.42e-9
0.81e-9
-10.07e-9
-8.46e-9
-8.46e-9
-8.46e-9
5.64e-9
50.37e-9
-3.22e-9
4.43e-9
2.01e-9
-9.27e-9
19.34e-9
17.73e-9
16.52e-9
-5.64e-9
10.88e-9
10.07e-9
7.25e-9
22.97e-9
25.79e-9
12.09e-9
13.70e-9
5.24e-9
8.46e-9
5.64e-9
36.26e-9
14.10e-9
-20.55e-9
10.48e-9
10.88e-9
-17.73e-9
16.12e-9
-2.42e-9
-2.42e-9
0.81e-9
2.82e-9
3.22e-9
15.71e-9
-6.04e-9
-6.85e-9
-7.66e-9
8.46e-9
2.01e-9
0.81e-9
26.19e-9
-10.07e-9
-4.03e-9
-10.07e-9
-10.07e-9
3.22e-9
-0.81e-9
-0.81e-9
8.46e-9
6.04e-9
8.46e-9
3.63e-9
-8.06e-9
-2.01e-9
7.66e-9
6.85e-9
-27.80e-9
12.09e-9
16.12e-9
19.34e-9
26.19e-9
17.33e-9
11.68e-9
-16.92e-9
13.70e-9
11.28e-9
12.89e-9
33.44e-9
16.12e-9
0.00e-9
4.84e-9
-19.34e-9
-11.28e-9
-4.43e-9
-4.03e-9
5.64e-9
-3.22e-9
-18.13e-9
9.27e-9
22.16e-9
1.21e-9
3.63e-9
1.61e-9
4.84e-9
5.64e-9
-4.84e-9
-10.07e-9
5.64e-9
-2.42e-9
8.06e-9
-21.76e-9
-1.21e-9
-3.63e-9
3.63e-9
-2.82e-9
0.81e-9
-6.04e-9
-19.74e-9
11.28e-9
4.03e-9
8.46e-9
16.12e-9
1.21e-9
10.07e-9
-8.06e-9
12.09e-9
-15.31e-9
15.31e-9
4.03e-9
21.76e-9
0.00e-9
12.49e-9
10.88e-9
15.31e-9
5.64e-9
5.64e-9
31.83e-9
-18.53e-9
12.89e-9
4.84e-9
5.24e-9
-20.55e-9
-0.40e-9
-17.73e-9
21.36e-9
2.82e-9
2.01e-9
17.33e-9
10.88e-9
5.24e-9
-9.67e-9
-4.43e-9
-3.63e-9
-10.07e-9
-2.82e-9
-8.86e-9
-4.43e-9
29.01e-9
-20.95e-9
-29.82e-9
4.03e-9
-3.63e-9
-13.70e-9
4.43e-9
-1.21e-9
-10.48e-9
-0.81e-9
1.21e-9
-1.61e-9
-18.13e-9
-6.85e-9
2.82e-9
22.56e-9
26.59e-9
3.22e-9
4.43e-9
21.76e-9
2.01e-9
19.74e-9
14.10e-9
-17.73e-9
23.77e-9
9.27e-9
11.28e-9
37.88e-9
-20.95e-9
16.12e-9
14.91e-9
10.07e-9
-12.89e-9
-2.82e-9
1.21e-9
-10.07e-9
5.24e-9
1.61e-9
-1.21e-9
13.70e-9
6.45e-9
2.82e-9
13.70e-9
-8.86e-9
13.30e-9
2.01e-9
16.52e-9
-1.61e-9
4.03e-9
0.81e-9
18.13e-9
-30.22e-9
-2.42e-9
-18.94e-9
-22.16e-9
-16.12e-9
4.84e-9
20.55e-9
16.52e-9
2.82e-9
-1.21e-9
-25.38e-9
-29.41e-9
3.63e-9
-4.43e-9
-10.88e-9
18.13e-9
11.28e-9
10.48e-9
9.27e-9
5.64e-9
-14.10e-9
14.10e-9
26.59e-9
14.10e-9
10.88e-9
30.22e-9
17.33e-9
19.34e-9
8.06e-9
-4.43e-9
15.31e-9
4.03e-9
52.78e-9
6.04e-9
-10.48e-9
15.71e-9
12.09e-9
21.36e-9
11.68e-9
0.40e-9
-3.63e-9
-5.64e-9
-5.24e-9
8.06e-9
0.00e-9
27.80e-9
1.21e-9
12.49e-9
4.43e-9
-26.19e-9
-7.66e-9
-16.92e-9
11.28e-9
-33.44e-9
0.40e-9
-9.67e-9
4.43e-9
-8.46e-9
-9.27e-9
1.61e-9
3.63e-9
4.03e-9
4.03e-9
19.74e-9
-3.22e-9
4.43e-9
-10.07e-9
7.25e-9
0.00e-9
-0.40e-9
17.73e-9
8.86e-9
12.09e-9
-14.10e-9
11.28e-9
17.73e-9
17.73e-9
32.23e-9
-16.92e-9
21.76e-9
8.86e-9
28.21e-9
11.28e-9
18.13e-9
12.09e-9
33.85e-9
11.28e-9
7.66e-9
27.00e-9
-24.18e-9
4.03e-9
0.40e-9
-21.76e-9
24.98e-9
12.49e-9
5.64e-9
-24.58e-9
8.06e-9
-23.77e-9
1.61e-9
31.83e-9
-9.67e-9
-31.43e-9
-6.85e-9
-15.71e-9
8.86e-9
2.01e-9
-0.81e-9
-3.22e-9
-6.45e-9
-2.42e-9
-10.07e-9
-13.30e-9
8.86e-9
1.21e-9
-16.12e-9
9.67e-9
6.04e-9
3.22e-9
6.04e-9
6.85e-9
0.00e-9
12.49e-9
1.61e-9
18.13e-9
9.67e-9
10.88e-9
-25.38e-9
3.63e-9
-0.40e-9
-16.12e-9
15.31e-9
13.70e-9
41.10e-9
16.12e-9
12.49e-9
49.96e-9
-19.74e-9
18.53e-9
0.81e-9
5.64e-9
27.80e-9
-15.71e-9
5.24e-9
-10.48e-9
4.43e-9
-3.63e-9
4.84e-9
-0.40e-9
-22.16e-9
-12.09e-9
-5.64e-9
12.09e-9
-8.86e-9
-1.21e-9
40.29e-9
-6.45e-9
-20.95e-9
-1.21e-9
15.71e-9
-31.43e-9
-6.85e-9
5.24e-9
15.31e-9
-31.43e-9
0.40e-9
-8.86e-9
-11.28e-9
-19.74e-9
2.01e-9
49.96e-9
30.62e-9
-12.49e-9
7.66e-9
10.07e-9
37.07e-9
-1.21e-9
13.30e-9
10.48e-9
14.91e-9
0.00e-9
2.82e-9
14.51e-9
18.94e-9
16.92e-9
2.42e-9
-2.82e-9
0.40e-9
4.03e-9
22.56e-9
-20.15e-9
11.68e-9
-2.82e-9
-17.73e-9
23.77e-9
8.06e-9
-3.63e-9
1.21e-9
12.89e-9
-2.42e-9
-4.43e-9
-1.21e-9
-12.09e-9
-3.63e-9
5.24e-9
-23.77e-9
-33.04e-9
-5.24e-9
16.52e-9
8.46e-9
0.40e-9
-1.21e-9
-14.10e-9
4.84e-9
-1.21e-9
6.45e-9
19.74e-9
-10.48e-9
8.06e-9
9.27e-9
-6.04e-9
-8.86e-9
3.63e-9
1.61e-9
-25.79e-9
10.07e-9
-3.63e-9
18.94e-9
32.23e-9
18.13e-9
5.24e-9
20.55e-9
-12.89e-9
14.10e-9
8.86e-9
-20.95e-9
37.47e-9
23.37e-9
8.86e-9
-8.86e-9
-12.09e-9
12.09e-9
8.46e-9
16.52e-9
12.09e-9
10.07e-9
-16.52e-9
17.73e-9
6.45e-9
5.24e-9
-20.15e-9
9.67e-9
2.42e-9
0.81e-9
-22.16e-9
7.25e-9
0.40e-9
23.37e-9
-10.07e-9
0.40e-9
-10.07e-9
9.67e-9
-17.73e-9
3.63e-9
-0.81e-9
10.48e-9
8.86e-9
7.66e-9
1.21e-9
-8.06e-9
14.51e-9
5.64e-9
-17.33e-9
23.77e-9
-8.86e-9
6.45e-9
-2.01e-9
6.45e-9
27.00e-9
15.71e-9
58.83e-9
8.46e-9
-3.22e-9
5.24e-9
-4.43e-9
34.65e-9
10.88e-9
18.94e-9
9.67e-9
15.71e-9
5.64e-9
43.92e-9
20.95e-9
-20.15e-9
8.06e-9
-10.07e-9
-8.06e-9
2.42e-9
10.07e-9
-12.09e-9
-3.63e-9
-0.81e-9
39.89e-9
-27.80e-9
-2.01e-9
-4.43e-9
10.07e-9
5.24e-9
-0.81e-9
-0.40e-9
-16.52e-9
2.01e-9
-6.85e-9
-17.33e-9
-2.42e-9
9.67e-9
4.84e-9
-6.85e-9
10.07e-9
7.66e-9
6.85e-9
-0.81e-9
-1.61e-9
-3.63e-9
41.90e-9
8.06e-9
13.30e-9
8.86e-9
18.94e-9
11.68e-9
13.70e-9
7.25e-9
0.81e-9
-8.46e-9
7.66e-9
58.02e-9
-18.53e-9
19.34e-9
11.28e-9
-3.63e-9
19.34e-9
9.27e-9
8.46e-9
-2.42e-9
4.43e-9
3.63e-9
-3.22e-9
9.27e-9
15.31e-9
10.88e-9
6.85e-9
-18.13e-9
23.77e-9
-4.03e-9
2.82e-9
3.63e-9
2.42e-9
-0.40e-9
9.27e-9
-30.22e-9
0.00e-9
-1.21e-9
-24.98e-9
-31.43e-9
-10.88e-9
16.92e-9
-3.63e-9
-18.13e-9
0.40e-9
-11.28e-9
2.01e-9
-27.80e-9
7.66e-9
2.42e-9
-8.06e-9
16.92e-9
12.49e-9
2.01e-9
-6.04e-9
-6.85e-9
6.85e-9
-6.85e-9
34.25e-9
17.33e-9
15.31e-9
3.22e-9
4.03e-9
-11.68e-9
12.89e-9
-4.43e-9
12.49e-9
15.71e-9
13.30e-9
-22.56e-9
9.27e-9
-10.07e-9
13.70e-9
28.21e-9
13.30e-9
5.64e-9
-20.15e-9
15.71e-9
8.46e-9
2.82e-9
41.50e-9
-2.42e-9
6.45e-9
-3.22e-9
-20.55e-9
13.30e-9
7.66e-9
6.04e-9
2.01e-9
5.24e-9
1.21e-9
-3.22e-9
-16.12e-9
-6.85e-9
-6.45e-9
-16.12e-9
3.63e-9
-2.42e-9
-27.40e-9
10.48e-9
6.85e-9
3.22e-9
-14.91e-9
-7.66e-9
1.21e-9
51.58e-9
17.73e-9
14.10e-9
13.30e-9
-16.12e-9
-20.95e-9
10.07e-9
6.04e-9
14.51e-9
-3.63e-9
14.10e-9
16.12e-9
-10.07e-9
-22.16e-9
18.53e-9
-0.40e-9
-20.95e-9
1.21e-9
11.68e-9
7.25e-9
16.92e-9
6.45e-9
8.86e-9
11.28e-9
-13.30e-9
1.21e-9
7.66e-9
-15.71e-9
16.12e-9
0.40e-9
-6.45e-9
1.61e-9
3.22e-9
4.43e-9
-0.81e-9
7.66e-9
-14.10e-9
3.22e-9
0.40e-9
20.55e-9
19.34e-9
2.82e-9
2.42e-9
8.86e-9
-12.09e-9
10.07e-9
1.21e-9
-16.92e-9
6.45e-9
-0.81e-9
-16.92e-9
29.82e-9
13.30e-9
6.85e-9
4.84e-9
10.07e-9
8.46e-9
8.46e-9
-14.51e-9
19.74e-9
12.49e-9
13.30e-9
21.36e-9
15.71e-9
11.28e-9
6.04e-9
12.09e-9
10.88e-9
10.07e-9
-27.40e-9
21.76e-9
12.09e-9
6.85e-9
24.18e-9
-31.83e-9
-0.40e-9
-17.73e-9
-18.13e-9
9.27e-9
-3.22e-9
-0.40e-9
-11.28e-9
-4.84e-9
-16.52e-9
-0.40e-9
-19.34e-9
0.81e-9
-4.84e-9
-18.94e-9
-15.31e-9
-5.64e-9
26.59e-9
-19.74e-9
-25.38e-9
3.63e-9
-0.40e-9
-27.80e-9
-4.03e-9
-13.30e-9
-22.16e-9
-21.36e-9
6.04e-9
39.49e-9
12.49e-9
0.81e-9
1.61e-9
-2.82e-9
21.36e-9
9.27e-9
14.91e-9
10.07e-9
3.63e-9
10.88e-9
14.91e-9
-11.68e-9
17.73e-9
15.71e-9
26.19e-9
-18.53e-9
-1.21e-9
8.46e-9
38.68e-9
8.46e-9
6.04e-9
-15.71e-9
20.55e-9
-10.88e-9
9.67e-9
4.84e-9
-6.85e-9
1.21e-9
-9.27e-9
33.85e-9
-4.43e-9
6.85e-9
4.84e-9
-8.86e-9
-8.86e-9
-17.73e-9
-13.30e-9
34.65e-9
0.40e-9
-1.21e-9
0.00e-9
-17.73e-9
12.49e-9
9.27e-9
9.27e-9
-6.04e-9
-29.82e-9
7.25e-9
-4.03e-9
-5.64e-9
8.06e-9
-1.61e-9
16.92e-9
-4.43e-9
12.09e-9
10.07e-9
-13.30e-9
17.73e-9
7.66e-9
6.45e-9
31.03e-9
0.81e-9
21.36e-9
19.34e-9
10.07e-9
28.61e-9
15.31e-9
1.21e-9
9.27e-9
2.01e-9
6.85e-9
-16.92e-9
-19.34e-9
1.61e-9
-1.21e-9
10.48e-9
-2.01e-9
-3.63e-9
-2.01e-9
-20.95e-9
-27.40e-9
-3.22e-9
10.07e-9
18.53e-9
-2.82e-9
2.01e-9
-15.31e-9
18.53e-9
-5.24e-9
1.21e-9
-0.40e-9
13.70e-9
9.67e-9
8.46e-9
-14.51e-9
19.74e-9
-0.81e-9
-9.27e-9
11.68e-9
6.45e-9
2.01e-9
-5.24e-9
6.85e-9
12.09e-9
12.09e-9
29.41e-9
2.42e-9
18.53e-9
10.48e-9
16.92e-9
3.63e-9
12.09e-9
-2.42e-9
-19.34e-9
-16.12e-9
13.30e-9
12.09e-9
18.94e-9
2.42e-9
1.61e-9
12.09e-9
7.66e-9
11.68e-9
10.48e-9
-2.82e-9
-6.85e-9
7.25e-9
-12.49e-9
5.24e-9
-22.16e-9
-8.06e-9
-4.43e-9
3.22e-9
-21.76e-9
3.22e-9
-2.42e-9
-14.10e-9
-34.65e-9
-3.63e-9
-14.91e-9
-29.01e-9
0.81e-9
-16.52e-9
10.07e-9
3.63e-9
0.40e-9
5.24e-9
14.91e-9
-7.25e-9
-9.67e-9
-14.91e-9
16.92e-9
11.28e-9
-11.68e-9
20.15e-9
24.98e-9
7.25e-9
-12.49e-9
-11.68e-9
18.13e-9
15.71e-9
-18.53e-9
29.82e-9
6.45e-9
5.64e-9
27.00e-9
14.51e-9
12.89e-9
1.61e-9
8.46e-9
16.52e-9
8.06e-9
-14.10e-9
3.63e-9
6.04e-9
26.19e-9
17.73e-9
15.71e-9
1.21e-9
-2.01e-9
12.09e-9
-13.30e-9
-4.43e-9
2.01e-9
4.84e-9
-33.04e-9
2.82e-9
-11.68e-9
5.64e-9
2.42e-9
-10.48e-9
-10.48e-9
10.48e-9
-0.40e-9
6.45e-9
28.61e-9
-17.33e-9
13.70e-9
8.06e-9
16.92e-9
-16.12e-9
16.12e-9
12.49e-9
-22.56e-9
24.18e-9
10.07e-9
7.25e-9
-6.04e-9
25.38e-9
11.68e-9
8.86e-9
-14.10e-9
14.51e-9
7.66e-9
1.21e-9
-14.51e-9
10.88e-9
-5.24e-9
-14.10e-9
11.68e-9
-1.61e-9
11.68e-9
4.43e-9
4.03e-9
5.24e-9
25.79e-9
-17.73e-9
5.64e-9
-4.03e-9
10.07e-9
-15.71e-9
-1.21e-9
2.42e-9
-23.37e-9
2.01e-9
0.81e-9
-6.04e-9
-16.92e-9
10.48e-9
-2.82e-9
-0.40e-9
-18.94e-9
8.46e-9
0.40e-9
-11.28e-9
-6.85e-9
8.06e-9
8.06e-9
27.00e-9
12.49e-9
6.45e-9
30.22e-9
-5.64e-9
4.03e-9
1.61e-9
21.36e-9
8.06e-9
18.53e-9
10.07e-9
-12.89e-9
16.12e-9
9.67e-9
-2.01e-9
1.61e-9
11.28e-9
17.73e-9
36.26e-9
-12.09e-9
14.10e-9
0.00e-9
-16.12e-9
-29.41e-9
1.21e-9
-2.82e-9
23.37e-9
7.25e-9
8.06e-9
13.70e-9
18.94e-9
-4.43e-9
-1.61e-9
-7.66e-9
-6.04e-9
-0.40e-9
27.00e-9
28.61e-9
-12.49e-9
-8.46e-9
-9.67e-9
-28.61e-9
-6.85e-9
-3.22e-9
-4.84e-9
26.19e-9
-22.97e-9
11.68e-9
7.25e-9
5.24e-9
6.45e-9
10.07e-9
-4.84e-9
9.67e-9
5.24e-9
13.30e-9
-10.07e-9
18.94e-9
6.04e-9
13.30e-9
-4.43e-9
27.00e-9
7.25e-9
5.64e-9
3.63e-9
-6.45e-9
15.31e-9
10.88e-9
23.37e-9
25.38e-9
16.52e-9
-12.49e-9
16.92e-9
-0.81e-9
7.25e-9
9.27e-9
-2.01e-9
4.03e-9
5.64e-9
12.49e-9
6.85e-9
1.21e-9
1.21e-9
-11.28e-9
-10.48e-9
-4.84e-9
-4.03e-9
-16.52e-9
-30.62e-9
5.24e-9
-10.88e-9
-3.22e-9
3.63e-9
2.82e-9
3.63e-9
-18.53e-9
-6.45e-9
-6.85e-9
12.49e-9
21.36e-9
5.24e-9
-20.55e-9
14.10e-9
-6.45e-9
-0.81e-9
0.40e-9
-12.89e-9
24.18e-9
16.12e-9
15.31e-9
2.01e-9
14.51e-9
15.71e-9
17.33e-9
12.09e-9
9.67e-9
-12.49e-9
18.13e-9
6.04e-9
-10.88e-9
27.80e-9
-8.46e-9
16.92e-9
12.09e-9
11.68e-9
-16.52e-9
14.91e-9
9.67e-9
3.22e-9
22.97e-9
-6.85e-9
2.82e-9
17.73e-9
-15.31e-9
-3.63e-9
-6.85e-9
-5.64e-9
5.64e-9
-2.01e-9
0.81e-9
-28.21e-9
-0.40e-9
-16.12e-9
4.03e-9
4.03e-9
2.01e-9
-4.43e-9
-13.30e-9
5.24e-9
4.84e-9
1.61e-9
-25.38e-9
12.49e-9
3.22e-9
5.64e-9
-9.67e-9
22.16e-9
10.07e-9
14.91e-9
27.00e-9
3.22e-9
-26.19e-9
6.04e-9
2.42e-9
5.24e-9
-22.16e-9
11.68e-9
-4.03e-9
8.86e-9
14.91e-9
12.09e-9
15.31e-9
14.51e-9
9.27e-9
15.71e-9
8.86e-9
0.40e-9
-2.42e-9
-16.92e-9
10.88e-9
6.45e-9
22.16e-9
-15.31e-9
4.84e-9
-2.42e-9
8.86e-9
-8.46e-9
-11.68e-9
-13.70e-9
-19.34e-9
-7.66e-9
-8.46e-9
-18.94e-9
-6.45e-9
-1.21e-9
-4.03e-9
-23.77e-9
-20.15e-9
8.86e-9
0.81e-9
-12.89e-9
-3.63e-9
-1.61e-9
9.27e-9
-4.84e-9
16.12e-9
7.66e-9
-1.61e-9
16.12e-9
12.89e-9
8.06e-9
-1.21e-9
28.61e-9
16.92e-9
14.51e-9
22.97e-9
10.88e-9
19.74e-9
12.89e-9
16.52e-9
11.68e-9
4.43e-9
42.31e-9
14.91e-9
13.70e-9
8.06e-9
15.71e-9
4.03e-9
10.48e-9
10.07e-9
-14.91e-9
17.73e-9
4.03e-9
-2.82e-9
-13.30e-9
-22.97e-9
-1.21e-9
-15.31e-9
8.46e-9
4.03e-9
-9.67e-9
4.84e-9
-15.71e-9
4.03e-9
-4.43e-9
-22.16e-9
19.74e-9
3.63e-9
2.82e-9
2.82e-9
0.40e-9
12.49e-9
10.48e-9
14.91e-9
-7.66e-9
-2.01e-9
-10.48e-9
13.70e-9
-1.61e-9
6.85e-9
9.27e-9
26.59e-9
12.49e-9
12.09e-9
-4.43e-9
-3.63e-9
14.51e-9
9.27e-9
-4.43e-9
-5.24e-9
18.94e-9
-4.43e-9
26.59e-9
14.10e-9
4.43e-9
46.74e-9
4.03e-9
22.16e-9
12.89e-9
47.14e-9
12.49e-9
-3.63e-9
-1.21e-9
-5.24e-9
-13.30e-9
-1.61e-9
3.22e-9
6.04e-9
17.33e-9
3.63e-9
6.45e-9
-1.61e-9
8.06e-9
-2.01e-9
41.90e-9
22.16e-9
-5.24e-9
-6.85e-9
-13.30e-9
0.40e-9
-1.21e-9
-25.38e-9
16.92e-9
10.07e-9
5.64e-9
14.51e-9
2.42e-9
-2.42e-9
47.14e-9
-16.12e-9
11.68e-9
8.46e-9
-19.74e-9
29.82e-9
6.04e-9
17.73e-9
-0.40e-9
20.15e-9
27.40e-9
9.27e-9
2.82e-9
14.10e-9
9.67e-9
12.09e-9
36.26e-9
2.01e-9
10.07e-9
-6.45e-9
10.88e-9
12.49e-9
4.03e-9
16.52e-9
-20.15e-9
4.03e-9
-7.66e-9
8.46e-9
17.33e-9
-0.81e-9
5.64e-9
2.42e-9
16.12e-9
-14.91e-9
-4.84e-9
14.91e-9
-4.43e-9
5.64e-9
-5.24e-9
7.66e-9
10.07e-9
-2.01e-9
-5.24e-9
1.21e-9
-18.53e-9
-3.22e-9
3.63e-9
16.12e-9
-9.27e-9
3.22e-9
32.64e-9
4.43e-9
-24.58e-9
4.43e-9
1.61e-9
18.94e-9
13.30e-9
58.83e-9
4.84e-9
10.88e-9
11.28e-9
3.63e-9
29.01e-9
-6.45e-9
2.82e-9
55.60e-9
15.71e-9
11.68e-9
-12.89e-9
18.53e-9
11.68e-9
1.21e-9
18.53e-9
8.86e-9
12.89e-9
11.68e-9
22.56e-9
-29.01e-9
-4.84e-9
-2.82e-9
-18.53e-9
4.84e-9
-1.61e-9
-27.00e-9
-1.21e-9
7.25e-9
6.45e-9
0.40e-9
6.45e-9
-0.40e-9
-14.10e-9
-6.04e-9
8.86e-9
-3.22e-9
-15.31e-9
5.64e-9
2.01e-9
-0.81e-9
-5.64e-9
7.66e-9
-31.03e-9
1.61e-9
4.43e-9
7.66e-9
14.51e-9
5.64e-9
6.45e-9
15.71e-9
10.88e-9
10.07e-9
-13.70e-9
26.59e-9
18.94e-9
6.85e-9
7.25e-9
11.28e-9
13.70e-9
49.56e-9
17.33e-9
21.36e-9
8.46e-9
3.22e-9
-14.51e-9
21.76e-9
16.12e-9
2.82e-9
27.80e-9
10.48e-9
7.66e-9
15.31e-9
-31.03e-9
-2.01e-9
-2.82e-9
3.22e-9
11.28e-9
-5.64e-9
-6.85e-9
-3.63e-9
-31.43e-9
2.82e-9
-9.27e-9
10.88e-9
1.21e-9
27.00e-9
0.81e-9
2.82e-9
4.43e-9
33.04e-9
10.07e-9
-21.76e-9
3.22e-9
-1.21e-9
-6.04e-9
-0.81e-9
49.96e-9
3.63e-9
7.25e-9
6.85e-9
-10.07e-9
26.19e-9
1.21e-9
22.97e-9
0.40e-9
10.88e-9
4.03e-9
-18.53e-9
20.55e-9
20.15e-9
14.51e-9
30.62e-9
-13.30e-9
-12.89e-9
2.42e-9
-13.70e-9
7.66e-9
1.61e-9
-0.81e-9
0.81e-9
12.49e-9
8.46e-9
6.04e-9
12.49e-9
2.42e-9
0.40e-9
15.71e-9
-7.66e-9
-3.22e-9
-2.82e-9
39.49e-9
-4.84e-9
-1.21e-9
-10.48e-9
-27.40e-9
0.81e-9
-5.64e-9
-0.81e-9
-22.56e-9
3.22e-9
3.22e-9
3.22e-9
-20.15e-9
-8.46e-9
10.88e-9
2.01e-9
-1.61e-9
-16.92e-9
15.31e-9
11.28e-9
18.53e-9
-14.10e-9
10.07e-9
-0.40e-9
-7.25e-9
14.51e-9
5.24e-9
22.16e-9
10.88e-9
8.46e-9
-5.24e-9
-9.67e-9
30.22e-9
5.64e-9
13.30e-9
8.06e-9
12.89e-9
-3.22e-9
-1.21e-9
2.01e-9
3.22e-9
-5.64e-9
18.53e-9
-15.71e-9
8.46e-9
5.64e-9
-21.76e-9
18.13e-9
-0.81e-9
-14.51e-9
3.63e-9
-22.16e-9
-1.61e-9
-3.22e-9
0.00e-9
2.42e-9
-6.45e-9
-6.04e-9
-22.97e-9
2.82e-9
0.81e-9
13.70e-9
-31.03e-9
0.00e-9
-3.22e-9
-9.67e-9
8.46e-9
3.63e-9
8.06e-9
5.24e-9
23.37e-9
8.06e-9
6.45e-9
-13.70e-9
33.85e-9
20.15e-9
9.67e-9
26.19e-9
-6.85e-9
15.71e-9
-9.27e-9
21.36e-9
19.74e-9
12.09e-9
23.37e-9
18.13e-9
8.86e-9
53.19e-9
-20.55e-9
10.48e-9
2.01e-9
-4.84e-9
11.68e-9
1.21e-9
37.47e-9
6.45e-9
-7.25e-9
-4.43e-9
-23.37e-9
-32.64e-9
-0.81e-9
-11.28e-9
-10.48e-9
-7.25e-9
1.61e-9
15.71e-9
16.12e-9
-10.88e-9
-1.61e-9
-10.88e-9
-12.89e-9
8.06e-9
5.64e-9
32.64e-9
-11.68e-9
2.42e-9
1.61e-9
34.25e-9
-4.43e-9
5.24e-9
0.40e-9
-17.73e-9
9.67e-9
4.43e-9
39.49e-9
11.68e-9
19.34e-9
6.04e-9
48.75e-9
-19.34e-9
2.42e-9
15.71e-9
14.10e-9
36.26e-9
22.16e-9
17.73e-9
-5.64e-9
14.10e-9
2.42e-9
6.45e-9
-3.22e-9
2.01e-9
2.42e-9
8.46e-9
6.45e-9
9.67e-9
4.03e-9
-4.84e-9
-24.58e-9
2.01e-9
-1.61e-9
6.04e-9
-31.43e-9
-5.24e-9
-18.94e-9
9.67e-9
5.24e-9
6.04e-9
-15.71e-9
-0.81e-9
1.61e-9
-10.07e-9
-10.48e-9
14.10e-9
-6.45e-9
-4.03e-9
-18.13e-9
7.66e-9
2.42e-9
23.37e-9
16.92e-9
16.52e-9
8.86e-9
26.59e-9
-8.06e-9
8.86e-9
10.07e-9
27.40e-9
10.07e-9
6.85e-9
57.62e-9
26.19e-9
14.91e-9
8.46e-9
6.45e-9
32.64e-9
21.76e-9
7.66e-9
7.66e-9
-4.03e-9
-2.42e-9
9.27e-9
8.06e-9
-6.45e-9
31.43e-9
11.68e-9
9.67e-9
-5.24e-9
4.03e-9
1.21e-9
-12.09e-9
5.64e-9
0.00e-9
-6.04e-9
20.55e-9
-5.24e-9
7.25e-9
-0.81e-9
-4.84e-9
1.21e-9
-2.42e-9
-24.18e-9
-4.84e-9
2.82e-9
5.24e-9
-3.22e-9
4.03e-9
9.67e-9
4.43e-9
10.48e-9
6.45e-9
-18.53e-9
10.88e-9
-16.92e-9
33.04e-9
15.71e-9
16.52e-9
40.70e-9
30.62e-9
18.13e-9
14.51e-9
1.21e-9
7.25e-9
2.42e-9
52.78e-9
-0.40e-9
-4.03e-9
12.89e-9
-5.24e-9
11.68e-9
7.25e-9
2.82e-9
50.37e-9
14.10e-9
9.67e-9
16.52e-9
-7.25e-9
13.30e-9
1.61e-9
41.10e-9
-3.22e-9
6.04e-9
-10.07e-9
1.21e-9
-4.03e-9
-19.34e-9
-5.24e-9
-13.30e-9
-25.38e-9
-6.04e-9
-4.84e-9
-2.01e-9
-17.33e-9
3.63e-9
-4.84e-9
3.63e-9
-0.40e-9
-3.22e-9
-8.86e-9
-11.68e-9
20.15e-9
-2.01e-9
1.21e-9
27.00e-9
8.46e-9
6.85e-9
35.86e-9
25.38e-9
8.06e-9
4.03e-9
16.92e-9
-12.49e-9
15.31e-9
10.07e-9
9.67e-9
-19.74e-9
13.30e-9
5.24e-9
21.76e-9
24.98e-9
14.91e-9
12.89e-9
2.82e-9
18.53e-9
0.40e-9
-14.10e-9
11.68e-9
-3.63e-9
0.00e-9
-29.01e-9
-4.43e-9
-2.01e-9
11.28e-9
18.94e-9
-3.63e-9
0.00e-9
-16.52e-9
-19.34e-9
-5.24e-9
-24.18e-9
-20.55e-9
15.31e-9
-0.40e-9
-3.63e-9
-6.45e-9
-29.82e-9
-2.82e-9
-10.48e-9
-24.58e-9
-0.81e-9
10.48e-9
36.67e-9
13.30e-9
8.86e-9
6.45e-9
-22.97e-9
19.34e-9
8.06e-9
9.27e-9
29.82e-9
12.49e-9
16.12e-9
49.56e-9
31.03e-9
10.88e-9
17.73e-9
16.12e-9
-25.79e-9
8.86e-9
4.43e-9
-16.92e-9
24.98e-9
10.48e-9
10.88e-9
17.73e-9
9.27e-9
3.63e-9
-2.01e-9
-4.03e-9
16.52e-9
7.25e-9
50.77e-9
2.82e-9
-1.21e-9
-2.82e-9
-24.58e-9
10.07e-9
-23.77e-9
-2.01e-9
-16.12e-9
-3.22e-9
-1.61e-9
-10.07e-9
10.07e-9
-24.98e-9
-6.85e-9
43.11e-9
-27.40e-9
4.43e-9
-2.42e-9
-10.48e-9
10.48e-9
3.63e-9
12.49e-9
-16.12e-9
-0.40e-9
3.63e-9
-21.36e-9
21.76e-9
15.71e-9
15.31e-9
3.22e-9
16.92e-9
-13.70e-9
2.82e-9
-4.43e-9
-20.95e-9
25.38e-9
12.89e-9
11.28e-9
23.77e-9
5.64e-9
17.73e-9
24.18e-9
15.71e-9
12.49e-9
47.55e-9
14.91e-9
-19.34e-9
4.03e-9
-5.64e-9
-24.58e-9
5.24e-9
7.66e-9
6.04e-9
-12.49e-9
3.22e-9
-14.10e-9
-24.98e-9
-2.42e-9
-3.22e-9
12.89e-9
12.49e-9
-0.40e-9
37.07e-9
8.06e-9
-12.49e-9
5.24e-9
-4.43e-9
-22.56e-9
2.01e-9
3.63e-9
10.48e-9
-14.51e-9
6.04e-9
1.21e-9
1.61e-9
23.37e-9
14.51e-9
6.04e-9
12.09e-9
8.46e-9
8.86e-9
10.48e-9
29.01e-9
17.33e-9
10.48e-9
11.28e-9
16.92e-9
12.49e-9
-2.42e-9
1.21e-9
21.76e-9
18.94e-9
-5.24e-9
37.07e-9
5.24e-9
3.22e-9
8.86e-9
-11.68e-9
10.07e-9
13.30e-9
32.64e-9
-10.07e-9
12.09e-9
1.21e-9
55.20e-9
0.81e-9
-0.81e-9
-4.03e-9
-9.67e-9
6.04e-9
-3.63e-9
-1.61e-9
-3.22e-9
5.64e-9
-4.03e-9
-22.16e-9
-8.46e-9
-5.64e-9
-8.06e-9
21.76e-9
-8.06e-9
-2.01e-9
4.03e-9
-2.01e-9
5.64e-9
5.64e-9
-2.42e-9
6.04e-9
-14.51e-9
6.85e-9
11.28e-9
9.67e-9
-16.12e-9
12.09e-9
13.70e-9
10.48e-9
6.85e-9
1.61e-9
27.40e-9
12.09e-9
15.71e-9
-6.45e-9
23.37e-9
19.34e-9
10.88e-9
4.03e-9
-14.51e-9
-26.19e-9
1.61e-9
-2.82e-9
5.24e-9
2.42e-9
2.01e-9
-10.07e-9
-13.30e-9
2.42e-9
-10.07e-9
-13.30e-9
-32.64e-9
-0.81e-9
-6.45e-9
-33.44e-9
-6.45e-9
-15.31e-9
4.43e-9
12.09e-9
-0.81e-9
0.00e-9
10.88e-9
-2.01e-9
-3.22e-9
-2.01e-9
-22.16e-9
4.84e-9
1.21e-9
11.68e-9
2.82e-9
7.25e-9
-4.43e-9
-7.66e-9
22.97e-9
5.24e-9
6.45e-9
18.53e-9
22.16e-9
20.15e-9
2.01e-9
33.04e-9
4.84e-9
8.86e-9
-9.67e-9
27.40e-9
17.73e-9
15.31e-9
23.37e-9
-16.52e-9
13.70e-9
2.01e-9
29.01e-9
8.46e-9
11.28e-9
4.43e-9
-2.42e-9
11.28e-9
0.81e-9
4.43e-9
-29.01e-9
0.40e-9
-2.82e-9
10.48e-9
-9.27e-9
-4.43e-9
0.81e-9
16.52e-9
7.66e-9
8.46e-9
-17.33e-9
1.61e-9
-1.61e-9
-9.67e-9
-1.61e-9
-4.03e-9
-1.21e-9
39.49e-9
-29.41e-9
8.06e-9
8.86e-9
24.18e-9
-16.92e-9
1.61e-9
-2.82e-9
12.09e-9
-1.61e-9
9.27e-9
0.00e-9
18.13e-9
10.48e-9
-4.43e-9
-4.84e-9
7.25e-9
4.03e-9
-3.63e-9
39.49e-9
22.16e-9
19.74e-9
41.90e-9
29.01e-9
5.64e-9
-5.64e-9
10.88e-9
13.30e-9
1.21e-9
42.71e-9
-12.89e-9
2.01e-9
11.28e-9
0.40e-9
5.24e-9
11.28e-9
6.45e-9
-23.77e-9
-28.21e-9
-6.85e-9
42.31e-9
17.73e-9
-26.59e-9
2.01e-9
-2.82e-9
1.21e-9
-2.82e-9
-6.85e-9
-1.21e-9
-12.89e-9
3.22e-9
8.06e-9
-15.71e-9
-2.01e-9
1.21e-9
8.06e-9
-9.67e-9
1.21e-9
4.84e-9
30.62e-9
-10.48e-9
23.37e-9
9.67e-9
34.25e-9
-18.94e-9
10.88e-9
0.81e-9
2.82e-9
10.48e-9
8.86e-9
13.70e-9
-12.89e-9
19.34e-9
15.31e-9
10.07e-9
-6.85e-9
8.46e-9
5.24e-9
18.13e-9
3.22e-9
4.43e-9
11.28e-9
-12.09e-9
4.03e-9
2.01e-9
7.66e-9
-8.46e-9
4.43e-9
-6.04e-9
-16.12e-9
11.28e-9
-7.25e-9
12.09e-9
0.81e-9
2.82e-9
-18.94e-9
-1.61e-9
-12.09e-9
-6.04e-9
-19.34e-9
4.03e-9
6.45e-9
4.43e-9
6.85e-9
8.06e-9
2.82e-9
-20.55e-9
-31.03e-9
-1.21e-9
22.16e-9
29.82e-9
-5.24e-9
13.70e-9
10.07e-9
32.23e-9
12.49e-9
12.49e-9
21.76e-9
16.92e-9
12.89e-9
49.96e-9
5.64e-9
-2.82e-9
4.03e-9
-4.43e-9
4.43e-9
-13.30e-9
12.09e-9
10.07e-9
-15.31e-9
8.46e-9
-7.66e-9
-6.45e-9
-16.52e-9
4.84e-9
-14.91e-9
-14.10e-9
14.91e-9
-3.63e-9
-6.45e-9
-23.37e-9
-2.82e-9
0.40e-9
-24.18e-9
18.94e-9
1.21e-9
-2.42e-9
-11.68e-9
-4.03e-9
-13.30e-9
-24.98e-9
5.64e-9
-7.66e-9
-2.01e-9
47.95e-9
-18.53e-9
14.91e-9
12.89e-9
44.73e-9
16.92e-9
10.88e-9
5.64e-9
-0.81e-9
5.24e-9
7.66e-9
12.89e-9
-3.63e-9
20.15e-9
11.28e-9
20.55e-9
-18.13e-9
18.94e-9
8.46e-9
48.75e-9
24.58e-9
16.92e-9
10.88e-9
-7.66e-9
-24.58e-9
3.63e-9
0.40e-9
4.84e-9
9.27e-9
6.04e-9
-2.01e-9
21.76e-9
13.70e-9
-5.24e-9
-7.66e-9
0.81e-9
-29.41e-9
-2.01e-9
-13.70e-9
-17.33e-9
-2.42e-9
0.40e-9
6.45e-9
7.66e-9
-4.03e-9
-5.24e-9
-8.46e-9
-18.13e-9
-3.22e-9
41.10e-9
13.70e-9
7.25e-9
2.01e-9
16.52e-9
26.19e-9
-4.84e-9
1.61e-9
-0.81e-9
2.82e-9
11.68e-9
51.98e-9
-12.49e-9
16.52e-9
2.82e-9
15.31e-9
16.12e-9
1.61e-9
12.49e-9
-26.59e-9
18.53e-9
12.09e-9
13.70e-9
32.64e-9
16.12e-9
4.84e-9
5.24e-9
-0.40e-9
4.43e-9
2.01e-9
18.13e-9
8.06e-9
-0.40e-9
-16.52e-9
-27.00e-9
1.61e-9
1.61e-9
-12.09e-9
-24.18e-9
6.04e-9
1.21e-9
4.43e-9
-10.48e-9
-3.22e-9
-2.42e-9
-26.59e-9
-2.42e-9
-2.42e-9
1.61e-9
-17.73e-9
-27.80e-9
3.22e-9
6.04e-9
12.09e-9
-23.77e-9
2.82e-9
4.43e-9
-0.81e-9
3.63e-9
5.24e-9
15.71e-9
-13.30e-9
15.71e-9
10.07e-9
13.70e-9
8.86e-9
8.06e-9
0.40e-9
14.91e-9
21.76e-9
9.27e-9
11.28e-9
-11.28e-9
39.89e-9
16.92e-9
16.92e-9
-5.64e-9
1.61e-9
-13.70e-9
-1.61e-9
-20.55e-9
6.04e-9
-0.40e-9
8.46e-9
15.31e-9
1.21e-9
-15.71e-9
19.34e-9
-7.66e-9
-5.64e-9
40.29e-9
-4.03e-9
0.81e-9
1.21e-9
-7.25e-9
-0.40e-9
-2.82e-9
-16.52e-9
8.86e-9
-9.67e-9
-12.89e-9
-3.63e-9
1.61e-9
20.15e-9
1.61e-9
6.85e-9
22.16e-9
9.27e-9
-2.01e-9
2.01e-9
4.03e-9
3.22e-9
-10.48e-9
18.53e-9
-12.89e-9
9.27e-9
-8.46e-9
24.58e-9
13.30e-9
14.51e-9
10.48e-9
30.62e-9
13.30e-9
10.07e-9
-8.46e-9
-10.07e-9
9.67e-9
-9.67e-9
-0.81e-9
19.74e-9
5.24e-9
-1.61e-9
7.25e-9
12.09e-9
8.46e-9
41.50e-9
15.71e-9
-8.46e-9
12.09e-9
3.63e-9
8.46e-9
3.63e-9
-13.70e-9
-5.24e-9
-2.01e-9
8.06e-9
-14.91e-9
9.67e-9
-3.63e-9
0.81e-9
-9.27e-9
20.15e-9
-0.81e-9
2.82e-9
9.27e-9
-22.97e-9
2.82e-9
-5.64e-9
5.24e-9
-27.40e-9
-0.40e-9
-10.07e-9
9.67e-9
18.53e-9
12.09e-9
42.71e-9
-4.84e-9
16.92e-9
-3.22e-9
12.09e-9
-2.82e-9
6.85e-9
-10.07e-9
9.67e-9
1.61e-9
13.30e-9
17.33e-9
29.82e-9
16.92e-9
-0.40e-9
18.53e-9
5.24e-9
14.91e-9
4.43e-9
-10.07e-9
-2.82e-9
-3.22e-9
16.92e-9
20.15e-9
6.85e-9
5.64e-9
-5.24e-9
-17.73e-9
-19.74e-9
-8.46e-9
10.07e-9
8.46e-9
-1.61e-9
-0.81e-9
30.62e-9
14.51e-9
0.81e-9
7.25e-9
-23.37e-9
3.63e-9
-4.43e-9
3.22e-9
-14.91e-9
0.00e-9
4.84e-9
-24.18e-9
-25.79e-9
10.88e-9
6.85e-9
-22.16e-9
12.09e-9
12.09e-9
25.79e-9
9.27e-9
8.06e-9
12.09e-9
-3.63e-9
19.74e-9
13.30e-9
15.71e-9
16.52e-9
-19.74e-9
21.36e-9
6.04e-9
4.03e-9
8.06e-9
-5.64e-9
0.40e-9
-12.89e-9
4.43e-9
22.16e-9
-20.95e-9
-25.38e-9
8.86e-9
-1.21e-9
-21.76e-9
-0.40e-9
-2.01e-9
6.45e-9
6.85e-9
-2.42e-9
-11.68e-9
3.22e-9
14.10e-9
-2.42e-9
-14.51e-9
18.94e-9
-14.91e-9
0.40e-9
6.45e-9
-19.34e-9
15.31e-9
5.64e-9
0.81e-9
15.31e-9
-1.21e-9
8.46e-9
10.88e-9
10.48e-9
10.07e-9
4.43e-9
22.56e-9
8.06e-9
17.73e-9
6.85e-9
-25.38e-9
10.07e-9
8.46e-9
10.88e-9
18.94e-9
8.06e-9
-8.46e-9
10.48e-9
12.09e-9
14.10e-9
24.18e-9
-0.81e-9
14.10e-9
6.85e-9
4.84e-9
-29.01e-9
-5.24e-9
-11.28e-9
-20.55e-9
-8.06e-9
6.04e-9
-6.45e-9
12.09e-9
3.22e-9
29.01e-9
10.48e-9
8.06e-9
0.81e-9
6.04e-9
-28.21e-9
4.43e-9
4.03e-9
-12.89e-9
10.88e-9
-0.81e-9
-11.68e-9
-16.52e-9
0.81e-9
-2.82e-9
-4.43e-9
6.45e-9
-22.56e-9
-2.42e-9
24.58e-9
14.10e-9
-12.09e-9
8.46e-9
-1.21e-9
14.51e-9
-16.12e-9
13.30e-9
10.07e-9
23.37e-9
-1.21e-9
11.28e-9
11.68e-9
-0.81e-9
20.55e-9
14.51e-9
27.80e-9
2.01e-9
6.45e-9
4.43e-9
6.04e-9
-10.07e-9
6.85e-9
-3.22e-9
10.88e-9
15.71e-9
-5.24e-9
9.67e-9
3.22e-9
0.81e-9
2.82e-9
11.68e-9
8.86e-9
2.82e-9
-6.04e-9
-10.88e-9
-2.01e-9
4.84e-9
0.40e-9
0.81e-9
-9.67e-9
-8.06e-9
22.56e-9
5.64e-9
-26.19e-9
0.81e-9
-6.85e-9
4.84e-9
2.82e-9
-1.61e-9
9.67e-9
25.38e-9
11.28e-9
11.28e-9
17.73e-9
31.03e-9
19.34e-9
20.55e-9
10.48e-9
15.31e-9
2.01e-9
-5.64e-9
-12.89e-9
15.71e-9
6.04e-9
-22.97e-9
16.52e-9
11.68e-9
18.13e-9
12.09e-9
-2.82e-9
0.40e-9
-14.91e-9
-13.30e-9
12.89e-9
37.88e-9
-12.09e-9
11.68e-9
2.01e-9
-7.25e-9
-17.73e-9
-2.01e-9
1.21e-9
2.82e-9
7.25e-9
-8.46e-9
0.40e-9
0.81e-9
4.03e-9
2.01e-9
-4.03e-9
-7.25e-9
12.09e-9
-5.64e-9
-6.85e-9
2.82e-9
0.81e-9
0.81e-9
15.71e-9
-5.24e-9
-3.22e-9
29.41e-9
4.03e-9
10.48e-9
12.09e-9
1.21e-9
-22.56e-9
3.63e-9
2.01e-9
3.63e-9
-13.70e-9
14.51e-9
0.81e-9
-20.15e-9
25.79e-9
6.45e-9
-14.51e-9
30.62e-9
13.30e-9
4.84e-9
-4.84e-9
12.09e-9
12.89e-9
4.84e-9
4.03e-9
27.80e-9
0.00e-9
8.06e-9
-2.01e-9
27.00e-9
11.28e-9
-0.81e-9
-22.56e-9
1.61e-9
0.00e-9
-4.03e-9
3.63e-9
-18.13e-9
3.22e-9
-20.95e-9
-14.91e-9
-9.67e-9
-4.84e-9
-4.84e-9
-22.56e-9
-32.64e-9
-0.81e-9
-9.27e-9
-16.12e-9
-6.85e-9
-16.92e-9
4.43e-9
18.94e-9
6.85e-9
-0.40e-9
-0.81e-9
-29.01e-9
10.48e-9
-3.22e-9
-16.92e-9
15.71e-9
15.71e-9
0.81e-9
3.63e-9
-0.40e-9
10.07e-9
-9.27e-9
-15.31e-9
15.71e-9
-10.48e-9
12.89e-9
1.21e-9
50.37e-9
14.91e-9
5.24e-9
0.81e-9
21.76e-9
9.67e-9
8.06e-9
-18.13e-9
17.33e-9
-2.82e-9
1.21e-9
-12.89e-9
-10.88e-9
5.64e-9
0.81e-9
-8.06e-9
0.81e-9
-11.28e-9
-2.01e-9
-5.24e-9
-18.13e-9
-5.64e-9
-8.46e-9
6.45e-9
-18.53e-9
0.40e-9
-3.63e-9
-15.31e-9
0.40e-9
-6.85e-9
-5.24e-9
-15.71e-9
6.45e-9
2.01e-9
14.10e-9
-13.70e-9
14.10e-9
10.07e-9
0.00e-9
-9.27e-9
14.51e-9
-1.21e-9
-13.70e-9
3.63e-9
9.67e-9
31.83e-9
38.28e-9
14.91e-9
7.66e-9
20.55e-9
-23.77e-9
11.28e-9
3.63e-9
-2.01e-9
7.25e-9
2.82e-9
6.45e-9
-15.71e-9
3.22e-9
-4.03e-9
-6.85e-9
14.51e-9
10.88e-9
2.42e-9
-10.48e-9
-4.03e-9
2.01e-9
7.25e-9
2.42e-9
6.85e-9
6.85e-9
-7.25e-9
-12.49e-9
-3.63e-9
-7.25e-9
12.09e-9
-12.89e-9
0.00e-9
-10.88e-9
24.98e-9
-7.25e-9
-0.40e-9
2.82e-9
-9.27e-9
5.64e-9
14.10e-9
10.48e-9
23.37e-9
15.31e-9
17.33e-9
14.91e-9
12.09e-9
-13.70e-9
8.06e-9
6.45e-9
14.91e-9
12.89e-9
4.84e-9
-12.09e-9
26.59e-9
13.70e-9
5.24e-9
27.00e-9
-2.01e-9
6.45e-9
0.40e-9
-4.43e-9
13.70e-9
3.63e-9
47.95e-9
8.46e-9
7.66e-9
6.04e-9
-8.46e-9
-23.37e-9
3.22e-9
-0.40e-9
10.48e-9
-8.46e-9
5.24e-9
6.04e-9
18.13e-9
-26.19e-9
-4.84e-9
-3.63e-9
6.04e-9
2.82e-9
-5.64e-9
-24.58e-9
5.24e-9
-2.82e-9
-2.42e-9
13.30e-9
2.01e-9
5.24e-9
-24.98e-9
22.56e-9
12.09e-9
8.06e-9
2.42e-9
14.51e-9
19.34e-9
17.33e-9
14.51e-9
1.61e-9
8.06e-9
-9.67e-9
23.37e-9
14.51e-9
6.85e-9
10.07e-9
20.55e-9
-6.85e-9
13.30e-9
9.27e-9
-17.33e-9
10.48e-9
-0.81e-9
-18.13e-9
-27.00e-9
-0.40e-9
-8.06e-9
-1.21e-9
-24.58e-9
1.61e-9
-6.85e-9
-22.16e-9
2.42e-9
-5.24e-9
-10.48e-9
-28.21e-9
2.01e-9
-16.12e-9
-4.84e-9
-30.22e-9
-6.45e-9
-11.68e-9
-3.63e-9
-12.49e-9
3.22e-9
-3.63e-9
-0.40e-9
14.51e-9
-8.46e-9
-2.82e-9
-10.07e-9
-29.82e-9
8.06e-9
3.63e-9
-19.74e-9
6.45e-9
11.28e-9
10.48e-9
-2.42e-9
12.49e-9
8.86e-9
-20.15e-9
24.18e-9
6.85e-9
12.89e-9
-20.15e-9
8.46e-9
16.12e-9
15.31e-9
-5.24e-9
21.36e-9
11.68e-9
53.19e-9
-6.85e-9
-19.34e-9
1.61e-9
-16.92e-9
9.67e-9
24.18e-9
-1.21e-9
4.03e-9
12.49e-9
0.00e-9
0.81e-9
2.82e-9
-8.46e-9
-9.27e-9
42.31e-9
-18.94e-9
2.42e-9
15.71e-9
-12.09e-9
-12.09e-9
-19.74e-9
3.63e-9
4.03e-9
-5.64e-9
0.00e-9
18.94e-9
10.07e-9
1.61e-9
-14.10e-9
13.30e-9
4.84e-9
-14.51e-9
17.73e-9
3.22e-9
9.27e-9
-4.03e-9
24.18e-9
20.55e-9
19.34e-9
20.55e-9
26.59e-9
0.00e-9
1.21e-9
14.51e-9
-0.40e-9
3.22e-9
18.13e-9
36.26e-9
-4.43e-9
16.92e-9
-6.85e-9
13.30e-9
8.46e-9
14.10e-9
-8.06e-9
16.12e-9
7.66e-9
0.81e-9
21.76e-9
5.24e-9
2.82e-9
-0.81e-9
-20.15e-9
3.22e-9
-2.01e-9
35.86e-9
-23.37e-9
-5.24e-9
-0.40e-9
-19.34e-9
-28.61e-9
-6.04e-9
-22.56e-9
-6.85e-9
4.43e-9
2.42e-9
-11.28e-9
-0.40e-9
0.00e-9
-4.84e-9
-17.33e-9
20.15e-9
4.03e-9
11.68e-9
-10.07e-9
-14.91e-9
10.88e-9
7.25e-9
16.12e-9
16.92e-9
11.28e-9
25.79e-9
-14.10e-9
6.04e-9
12.09e-9
48.75e-9
-8.46e-9
-19.34e-9
11.28e-9
6.85e-9
-18.13e-9
10.88e-9
3.22e-9
-17.73e-9
-29.82e-9
5.64e-9
2.42e-9
27.80e-9
10.07e-9
6.45e-9
32.23e-9
-11.28e-9
-0.81e-9
-7.25e-9
-15.71e-9
-26.59e-9
1.61e-9
-4.03e-9
-6.85e-9
-15.31e-9
-10.07e-9
-10.48e-9
2.01e-9
-27.00e-9
-4.03e-9
-16.52e-9
-4.84e-9
6.45e-9
11.68e-9
4.03e-9
24.58e-9
9.27e-9
1.21e-9
-1.21e-9
-23.37e-9
13.30e-9
8.06e-9
2.82e-9
10.48e-9
11.68e-9
19.34e-9
-5.24e-9
11.28e-9
11.28e-9
3.22e-9
30.22e-9
6.85e-9
6.45e-9
18.13e-9
-18.94e-9
12.09e-9
8.46e-9
31.43e-9
4.43e-9
6.85e-9
8.06e-9
4.43e-9
5.64e-9
-4.03e-9
4.43e-9
12.09e-9
9.67e-9
43.52e-9
11.28e-9
-20.95e-9
-5.24e-9
-1.61e-9
-6.85e-9
13.70e-9
-4.84e-9
2.01e-9
-18.13e-9
-5.24e-9
-10.07e-9
-16.92e-9
-14.91e-9
16.52e-9
6.85e-9
-24.58e-9
-6.45e-9
2.01e-9
5.64e-9
-0.40e-9
-31.03e-9
8.06e-9
12.49e-9
-0.81e-9
13.70e-9
7.25e-9
-0.81e-9
15.71e-9
11.28e-9
10.48e-9
31.83e-9
-20.55e-9
16.92e-9
-4.43e-9
-14.91e-9
5.24e-9
4.43e-9
-4.84e-9
35.05e-9
20.15e-9
4.03e-9
24.58e-9
-21.76e-9
14.51e-9
11.28e-9
0.40e-9
6.04e-9
4.43e-9
-18.94e-9
8.06e-9
5.64e-9
-2.82e-9
3.63e-9
-23.37e-9
-0.81e-9
-5.24e-9
-6.85e-9
9.67e-9
-4.43e-9
-11.68e-9
5.64e-9
0.00e-9
0.00e-9
6.45e-9
-9.67e-9
8.06e-9
5.64e-9
2.42e-9
-18.13e-9
9.67e-9
8.46e-9
-23.77e-9
4.03e-9
2.01e-9
12.49e-9
-13.70e-9
12.49e-9
11.68e-9
6.85e-9
-10.88e-9
9.67e-9
-3.22e-9
10.48e-9
12.89e-9
8.06e-9
27.40e-9
-1.61e-9
24.98e-9
16.52e-9
-0.40e-9
28.21e-9
-0.81e-9
10.88e-9
4.43e-9
0.81e-9
18.13e-9
8.86e-9
27.40e-9
-2.42e-9
-0.40e-9
1.21e-9
-2.42e-9
-5.64e-9
-3.63e-9
-12.09e-9
11.28e-9
6.85e-9
-3.22e-9
-7.25e-9
-15.31e-9
-9.67e-9
-1.61e-9
8.06e-9
-1.21e-9
-3.22e-9
0.00e-9
4.43e-9
10.88e-9
2.42e-9
-4.84e-9
-0.40e-9
4.43e-9
-12.09e-9
9.27e-9
11.68e-9
12.49e-9
7.66e-9
-6.04e-9
18.94e-9
15.31e-9
8.06e-9
14.51e-9
12.49e-9
16.52e-9
-14.10e-9
-16.52e-9
8.06e-9
12.89e-9
4.84e-9
15.31e-9
13.70e-9
-0.81e-9
12.09e-9
7.66e-9
6.45e-9
-24.18e-9
24.18e-9
6.04e-9
-2.01e-9
-1.61e-9
3.63e-9
-6.45e-9
-7.25e-9
-10.88e-9
1.21e-9
-7.66e-9
8.46e-9
4.43e-9
-0.40e-9
0.40e-9
-19.34e-9
14.51e-9
-4.43e-9
-11.68e-9
-9.67e-9
-10.88e-9
-1.61e-9
-4.03e-9
4.43e-9
16.92e-9
3.63e-9
28.21e-9
-0.40e-9
16.12e-9
4.84e-9
5.24e-9
12.89e-9
10.07e-9
7.66e-9
16.92e-9
5.24e-9
6.45e-9
57.22e-9
-2.01e-9
23.37e-9
15.71e-9
-17.33e-9
24.98e-9
8.86e-9
13.30e-9
-6.85e-9
10.88e-9
12.09e-9
-18.53e-9
25.38e-9
14.10e-9
10.88e-9
38.68e-9
16.92e-9
4.84e-9
4.03e-9
11.68e-9
9.67e-9
-22.16e-9
-2.01e-9
-16.12e-9
-26.19e-9
-29.01e-9
4.03e-9
-14.91e-9
-33.44e-9
-2.82e-9
-19.74e-9
-19.34e-9
-28.61e-9
-9.67e-9
-17.33e-9
0.81e-9
-32.23e-9
2.42e-9
-11.68e-9
-4.84e-9
-0.81e-9
4.03e-9
0.00e-9
-2.01e-9
-3.22e-9
32.64e-9
4.84e-9
17.33e-9
12.89e-9
11.28e-9
-14.10e-9
10.48e-9
-0.40e-9
3.22e-9
-21.36e-9
10.88e-9
-2.01e-9
20.95e-9
22.16e-9
16.12e-9
-5.64e-9
17.73e-9
6.85e-9
2.01e-9
0.81e-9
2.42e-9
14.10e-9
8.46e-9
0.81e-9
23.77e-9
18.13e-9
8.46e-9
0.00e-9
-27.80e-9
6.04e-9
-2.01e-9
-22.56e-9
13.70e-9
-7.25e-9
-2.01e-9
10.48e-9
3.63e-9
-6.45e-9
-6.45e-9
-8.06e-9
-5.24e-9
40.70e-9
-23.77e-9
14.10e-9
1.21e-9
-5.64e-9
-6.45e-9
2.01e-9
2.42e-9
27.00e-9
9.67e-9
0.40e-9
54.40e-9
-1.21e-9
20.15e-9
20.95e-9
16.12e-9
-6.45e-9
-7.66e-9
14.51e-9
7.25e-9
28.21e-9
15.71e-9
13.30e-9
47.14e-9
4.84e-9
12.49e-9
3.22e-9
-19.34e-9
15.31e-9
-8.06e-9
8.86e-9
-1.61e-9
-6.85e-9
9.67e-9
6.04e-9
19.34e-9
-20.55e-9
2.42e-9
5.24e-9
-12.09e-9
12.09e-9
-5.64e-9
-12.89e-9
-20.55e-9
7.25e-9
-4.03e-9
-4.03e-9
-25.79e-9
1.61e-9
-5.24e-9
7.66e-9
2.82e-9
-3.22e-9
-4.03e-9
-16.92e-9
9.27e-9
-4.84e-9
-6.85e-9
28.61e-9
-22.56e-9
10.07e-9
9.67e-9
6.45e-9
11.28e-9
15.71e-9
36.67e-9
-9.27e-9
12.89e-9
10.07e-9
28.21e-9
16.12e-9
9.27e-9
20.55e-9
2.01e-9
15.31e-9
6.45e-9
-17.73e-9
4.84e-9
12.89e-9
15.31e-9
25.79e-9
14.91e-9
0.81e-9
-28.21e-9
-28.61e-9
5.24e-9
33.04e-9
9.67e-9
-12.49e-9
3.22e-9
-1.61e-9
-22.56e-9
-2.42e-9
-2.01e-9
-2.01e-9
-10.48e-9
-29.82e-9
0.81e-9
-3.22e-9
-14.10e-9
-2.01e-9
-5.64e-9
-4.84e-9
-33.44e-9
5.64e-9
-0.40e-9
-17.33e-9
16.12e-9
3.63e-9
2.42e-9
-10.88e-9
-20.15e-9
-4.43e-9
33.85e-9
22.56e-9
16.12e-9
15.31e-9
35.46e-9
22.56e-9
14.51e-9
14.10e-9
-14.10e-9
-14.91e-9
0.40e-9
-2.82e-9
-6.04e-9
25.38e-9
11.68e-9
29.82e-9
-8.46e-9
2.82e-9
5.24e-9
7.66e-9
10.07e-9
9.67e-9
-23.77e-9
-19.34e-9
4.03e-9
-4.84e-9
20.15e-9
-22.56e-9
13.30e-9
4.84e-9
47.55e-9
10.07e-9
-7.25e-9
-7.66e-9
-10.07e-9
22.16e-9
-1.61e-9
2.01e-9
-0.81e-9
-11.68e-9
0.40e-9
41.50e-9
-22.56e-9
11.28e-9
0.81e-9
16.92e-9
22.16e-9
11.68e-9
4.43e-9
-17.33e-9
-14.91e-9
9.67e-9
1.61e-9
16.12e-9
15.31e-9
11.28e-9
12.49e-9
32.64e-9
20.15e-9
14.51e-9
-9.67e-9
-4.84e-9
-10.48e-9
9.27e-9
-8.86e-9
8.06e-9
8.86e-9
1.21e-9
3.63e-9
21.36e-9
16.92e-9
6.04e-9
7.66e-9
-2.42e-9
2.82e-9
2.82e-9
-16.52e-9
4.43e-9
-2.82e-9
-23.37e-9
14.51e-9
-5.24e-9
-13.70e-9
-8.86e-9
-27.00e-9
4.84e-9
7.25e-9
-6.85e-9
0.00e-9
-12.89e-9
6.85e-9
-25.38e-9
-27.40e-9
-5.24e-9
22.97e-9
9.67e-9
5.24e-9
2.01e-9
-5.64e-9
3.22e-9
10.48e-9
8.86e-9
2.01e-9
16.52e-9
10.88e-9
54.80e-9
22.97e-9
12.49e-9
10.48e-9
-11.68e-9
18.13e-9
5.64e-9
-5.64e-9
20.55e-9
7.66e-9
4.03e-9
-0.40e-9
15.71e-9
11.28e-9
-3.22e-9
2.82e-9
-1.61e-9
-4.03e-9
36.26e-9
1.61e-9
3.63e-9
-1.61e-9
10.48e-9
12.09e-9
2.82e-9
-22.56e-9
16.52e-9
2.82e-9
0.81e-9
-1.21e-9
-24.18e-9
-30.22e-9
0.81e-9
-4.03e-9
0.40e-9
-18.13e-9
1.61e-9
-4.43e-9
-20.95e-9
6.04e-9
6.04e-9
6.04e-9
-16.12e-9
2.82e-9
1.61e-9
-4.43e-9
-15.31e-9
10.88e-9
27.00e-9
12.09e-9
18.94e-9
14.51e-9
21.36e-9
0.81e-9
-19.74e-9
4.03e-9
0.00e-9
24.98e-9
-18.13e-9
15.31e-9
13.70e-9
20.95e-9
20.15e-9
10.48e-9
22.16e-9
25.38e-9
4.03e-9
4.84e-9
8.86e-9
4.43e-9
0.00e-9
10.07e-9
13.70e-9
-21.76e-9
7.66e-9
-18.53e-9
11.68e-9
5.64e-9
-0.40e-9
-15.71e-9
5.24e-9
-11.28e-9
-18.53e-9
-9.67e-9
-9.67e-9
2.82e-9
0.81e-9
10.07e-9
-20.15e-9
-6.85e-9
18.53e-9
1.61e-9
6.04e-9
0.81e-9
-15.31e-9
13.30e-9
5.24e-9
-7.66e-9
5.24e-9
11.28e-9
7.66e-9
-8.06e-9
10.07e-9
21.36e-9
22.16e-9
51.17e-9
-8.46e-9
12.09e-9
11.68e-9
-11.68e-9
0.00e-9
-8.46e-9
13.70e-9
37.07e-9
35.86e-9
14.10e-9
8.06e-9
-0.40e-9
-6.45e-9
9.27e-9
3.63e-9
-23.37e-9
5.64e-9
2.42e-9
-2.82e-9
5.64e-9
-2.01e-9
-9.27e-9
2.01e-9
-5.24e-9
-29.82e-9
-3.63e-9
-21.76e-9
-6.45e-9
-6.85e-9
-21.36e-9
-11.68e-9
1.21e-9
-15.71e-9
-6.45e-9
-6.45e-9
1.61e-9
31.83e-9
13.30e-9
-20.95e-9
2.82e-9
3.22e-9
13.70e-9
-14.10e-9
9.67e-9
-2.01e-9
-19.74e-9
-24.18e-9
7.66e-9
-4.43e-9
-18.13e-9
11.68e-9
9.67e-9
6.85e-9
5.24e-9
9.67e-9
-5.64e-9
4.84e-9
-8.46e-9
9.27e-9
-5.64e-9
7.66e-9
13.30e-9
13.30e-9
-6.45e-9
10.88e-9
4.84e-9
-5.24e-9
16.12e-9
-0.81e-9
-1.21e-9
3.63e-9
-22.97e-9
8.46e-9
2.01e-9
0.40e-9
0.81e-9
1.21e-9
-2.42e-9
-26.59e-9
-31.83e-9
-12.89e-9
7.25e-9
-33.04e-9
-4.03e-9
-20.95e-9
-10.48e-9
-8.06e-9
6.04e-9
14.91e-9
12.09e-9
-11.68e-9
1.61e-9
-8.86e-9
-4.84e-9
5.24e-9
6.04e-9
18.94e-9
2.01e-9
1.61e-9
42.71e-9
-0.40e-9
15.31e-9
-1.61e-9
10.88e-9
11.28e-9
2.82e-9
5.24e-9
6.45e-9
18.53e-9
1.21e-9
18.94e-9
12.49e-9
2.82e-9
7.25e-9
8.46e-9
8.46e-9
-1.61e-9
-22.16e-9
14.10e-9
2.82e-9
43.11e-9
-18.53e-9
-27.00e-9
2.82e-9
-1.21e-9
-2.42e-9
-1.21e-9
-4.43e-9
14.10e-9
-14.10e-9
5.24e-9
0.00e-9
0.00e-9
-25.79e-9
-2.01e-9
-16.92e-9
-2.42e-9
14.51e-9
4.84e-9
7.66e-9
15.31e-9
-0.40e-9
1.21e-9
5.24e-9
8.86e-9
-3.63e-9
0.40e-9
44.73e-9
13.30e-9
7.66e-9
42.31e-9
18.13e-9
16.52e-9
10.88e-9
32.23e-9
-11.28e-9
-11.68e-9
8.06e-9
56.01e-9
24.98e-9
24.98e-9
20.15e-9
25.38e-9
8.46e-9
4.03e-9
5.24e-9
9.67e-9
14.10e-9
11.28e-9
19.34e-9
13.30e-9
13.70e-9
2.01e-9
9.67e-9
14.10e-9
2.42e-9
-2.01e-9
35.05e-9
-2.82e-9
6.04e-9
-3.22e-9
-26.19e-9
-29.41e-9
0.81e-9
-10.88e-9
-22.56e-9
3.63e-9
-2.82e-9
-10.07e-9
2.42e-9
2.01e-9
-7.66e-9
6.45e-9
-14.91e-9
5.24e-9
10.48e-9
-20.15e-9
9.67e-9
9.67e-9
1.61e-9
-3.22e-9
-24.58e-9
5.64e-9
-3.22e-9
-14.10e-9
-18.94e-9
5.24e-9
-3.22e-9
20.95e-9
-1.61e-9
17.33e-9
2.01e-9
14.51e-9
8.46e-9
8.46e-9
-10.07e-9
9.67e-9
5.24e-9
-4.03e-9
-29.01e-9
10.07e-9
2.42e-9
-16.12e-9
-10.88e-9
5.64e-9
-4.84e-9
4.43e-9
-12.89e-9
-14.10e-9
-16.92e-9
-20.95e-9
1.61e-9
-4.03e-9
-10.07e-9
16.92e-9
-0.81e-9
-5.64e-9
1.61e-9
5.24e-9
-2.01e-9
-0.81e-9
4.43e-9
2.82e-9
3.63e-9
23.77e-9
-12.49e-9
7.25e-9
5.24e-9
-10.88e-9
15.71e-9
-14.91e-9
14.91e-9
8.46e-9
-24.98e-9
6.04e-9
4.03e-9
-1.21e-9
-19.34e-9
16.52e-9
-1.61e-9
22.16e-9
1.61e-9
19.34e-9
45.13e-9
28.21e-9
-10.88e-9
6.45e-9
-0.81e-9
-15.71e-9
-4.03e-9
5.64e-9
-9.67e-9
12.89e-9
7.66e-9
4.84e-9
-14.10e-9
-2.42e-9
-1.21e-9
-0.40e-9
13.70e-9
-0.40e-9
0.81e-9
-4.03e-9
-10.48e-9
-6.04e-9
-7.25e-9
-12.89e-9
2.82e-9
-1.21e-9
0.00e-9
-24.18e-9
10.88e-9
-2.82e-9
8.86e-9
14.10e-9
15.31e-9
10.48e-9
6.45e-9
-4.43e-9
-10.07e-9
10.88e-9
-10.88e-9
23.37e-9
6.45e-9
10.07e-9
-2.01e-9
17.33e-9
-7.25e-9
12.09e-9
41.90e-9
22.97e-9
12.49e-9
12.09e-9
18.53e-9
17.33e-9
20.95e-9
13.30e-9
1.21e-9
-6.04e-9
-2.01e-9
-18.94e-9
3.22e-9
17.33e-9
8.86e-9
6.85e-9
-10.07e-9
-0.40e-9
43.52e-9
-6.04e-9
4.84e-9
-10.48e-9
7.25e-9
6.04e-9
-22.97e-9
-3.22e-9
-13.30e-9
-25.38e-9
-29.41e-9
-4.03e-9
-12.89e-9
-33.85e-9
-5.64e-9
-11.68e-9
0.81e-9
4.84e-9
8.46e-9
-5.24e-9
24.98e-9
-0.40e-9
12.49e-9
6.45e-9
9.27e-9
4.43e-9
0.40e-9
42.31e-9
-16.92e-9
10.88e-9
-2.42e-9
10.48e-9
20.15e-9
6.45e-9
21.76e-9
20.55e-9
-13.70e-9
13.70e-9
6.45e-9
-10.48e-9
-21.76e-9
13.30e-9
3.22e-9
-32.23e-9
-0.40e-9
-1.61e-9
2.82e-9
-18.13e-9
-2.82e-9
42.71e-9
6.85e-9
-0.40e-9
-8.06e-9
24.18e-9
-0.81e-9
0.81e-9
20.95e-9
6.85e-9
-19.74e-9
-1.61e-9
-12.89e-9
10.88e-9
3.22e-9
-1.61e-9
-8.46e-9
-3.22e-9
-2.82e-9
13.70e-9
-7.25e-9
1.21e-9
1.61e-9
-19.34e-9
6.85e-9
11.68e-9
3.63e-9
-15.31e-9
4.43e-9
2.42e-9
-23.37e-9
-26.59e-9
17.33e-9
4.43e-9
29.82e-9
-16.92e-9
10.88e-9
-0.81e-9
-16.52e-9
29.41e-9
14.91e-9
13.30e-9
-14.91e-9
16.92e-9
8.86e-9
-13.30e-9
20.55e-9
-9.27e-9
-0.81e-9
53.99e-9
-23.37e-9
6.04e-9
4.43e-9
13.30e-9
5.24e-9
0.81e-9
-21.36e-9
-2.01e-9
-8.46e-9
-10.07e-9
34.65e-9
-23.77e-9
10.48e-9
6.04e-9
4.43e-9
-4.84e-9
-10.48e-9
-4.03e-9
10.88e-9
-18.94e-9
5.64e-9
-10.07e-9
-13.30e-9
7.25e-9
0.00e-9
17.73e-9
13.70e-9
7.66e-9
13.70e-9
-19.74e-9
18.53e-9
8.86e-9
24.18e-9
-4.84e-9
22.56e-9
10.88e-9
-19.34e-9
7.66e-9
12.49e-9
4.43e-9
-6.85e-9
27.40e-9
4.03e-9
9.27e-9
-8.06e-9
14.51e-9
-2.42e-9
-18.13e-9
2.82e-9
4.43e-9
10.07e-9
-17.73e-9
4.43e-9
-14.91e-9
18.13e-9
-2.82e-9
-1.61e-9
-3.22e-9
-4.43e-9
-27.00e-9
-2.01e-9
-2.42e-9
10.07e-9
-18.13e-9
2.82e-9
-6.04e-9
-17.73e-9
-0.40e-9
-2.01e-9
-8.46e-9
1.21e-9
2.01e-9
-1.21e-9
-6.45e-9
-19.34e-9
7.25e-9
1.21e-9
1.21e-9
-11.68e-9
9.67e-9
-6.04e-9
-23.77e-9
-27.40e-9
-2.82e-9
-4.03e-9
32.64e-9
21.76e-9
19.34e-9
20.95e-9
-6.04e-9
-26.19e-9
0.00e-9
2.82e-9
14.51e-9
2.82e-9
14.91e-9
16.12e-9
24.18e-9
8.06e-9
3.22e-9
-16.92e-9
10.07e-9
11.28e-9
13.70e-9
-7.66e-9
1.61e-9
3.63e-9
-19.34e-9
6.85e-9
8.06e-9
1.21e-9
-22.56e-9
-29.41e-9
-12.09e-9
-11.28e-9
-25.38e-9
1.61e-9
-1.61e-9
-11.28e-9
-9.67e-9
-4.03e-9
-8.46e-9
-4.84e-9
-24.98e-9
0.81e-9
0.40e-9
-10.07e-9
3.22e-9
0.81e-9
-4.03e-9
12.89e-9
-9.27e-9
10.07e-9
5.64e-9
-4.03e-9
12.89e-9
8.06e-9
56.41e-9
24.58e-9
14.51e-9
10.07e-9
3.22e-9
-5.64e-9
19.34e-9
13.70e-9
-6.45e-9
24.98e-9
14.51e-9
56.01e-9
15.31e-9
5.24e-9
5.24e-9
1.21e-9
-14.10e-9
8.86e-9
10.88e-9
5.64e-9
-8.06e-9
5.24e-9
-3.22e-9
6.45e-9
0.40e-9
-17.33e-9
4.03e-9
-10.88e-9
-3.22e-9
18.53e-9
-4.03e-9
6.85e-9
-3.22e-9
35.46e-9
5.24e-9
1.61e-9
-1.61e-9
13.70e-9
-22.56e-9
2.82e-9
-11.68e-9
-16.92e-9
18.13e-9
11.68e-9
4.43e-9
12.89e-9
-25.79e-9
3.22e-9
-4.43e-9
9.67e-9
-18.94e-9
16.52e-9
2.01e-9
27.00e-9
8.46e-9
44.73e-9
16.52e-9
-22.97e-9
12.89e-9
19.34e-9
8.86e-9
18.53e-9
12.49e-9
5.64e-9
10.48e-9
12.09e-9
-22.97e-9
18.53e-9
-28.21e-9
4.43e-9
1.21e-9
0.81e-9
-4.03e-9
5.24e-9
6.45e-9
9.27e-9
-31.83e-9
-0.81e-9
-18.13e-9
-25.79e-9
11.68e-9
-0.81e-9
2.42e-9
10.07e-9
3.63e-9
0.40e-9
26.19e-9
-4.84e-9
0.00e-9
-4.84e-9
-8.86e-9
-23.77e-9
3.22e-9
-1.61e-9
-14.51e-9
12.09e-9
0.00e-9
4.84e-9
-8.46e-9
24.18e-9
6.04e-9
4.43e-9
-13.70e-9
-22.97e-9
6.45e-9
-0.81e-9
14.91e-9
3.22e-9
14.10e-9
49.16e-9
19.34e-9
18.94e-9
2.01e-9
-3.22e-9
19.34e-9
12.89e-9
-10.48e-9
9.27e-9
13.30e-9
1.61e-9
-14.10e-9
7.25e-9
4.03e-9
1.61e-9
-16.52e-9
10.07e-9
1.21e-9
-21.36e-9
7.66e-9
-12.49e-9
-12.09e-9
-7.25e-9
1.21e-9
9.67e-9
2.82e-9
11.28e-9
-10.48e-9
-11.28e-9
33.44e-9
-23.77e-9
-29.01e-9
-0.81e-9
-16.92e-9
-6.85e-9
6.04e-9
5.64e-9
49.16e-9
9.27e-9
5.64e-9
30.22e-9
24.58e-9
-1.61e-9
9.27e-9
-3.22e-9
-7.25e-9
15.71e-9
8.06e-9
38.68e-9
19.34e-9
-19.34e-9
10.07e-9
3.63e-9
0.40e-9
9.67e-9
6.04e-9
-2.01e-9
11.28e-9
6.85e-9
12.89e-9
18.53e-9
-10.48e-9
11.28e-9
3.22e-9
-20.55e-9
9.67e-9
-3.63e-9
-4.84e-9
-31.83e-9
0.00e-9
4.84e-9
6.85e-9
-0.81e-9
3.63e-9
-2.42e-9
-18.53e-9
1.61e-9
-13.30e-9
-3.63e-9
-15.31e-9
-2.42e-9
-2.01e-9
-3.63e-9
7.25e-9
4.43e-9
-10.88e-9
7.25e-9
5.24e-9
1.61e-9
7.25e-9
9.27e-9
5.64e-9
28.21e-9
18.53e-9
2.01e-9
8.86e-9
37.47e-9
12.89e-9
32.23e-9
16.12e-9
9.27e-9
-17.33e-9
17.33e-9
10.88e-9
53.59e-9
7.66e-9
14.10e-9
-4.03e-9
14.10e-9
-18.53e-9
0.00e-9
-1.21e-9
6.45e-9
-5.24e-9
16.12e-9
7.66e-9
41.90e-9
16.12e-9
6.04e-9
5.24e-9
12.09e-9
3.22e-9
-0.81e-9
-0.81e-9
1.61e-9
1.21e-9
-10.48e-9
-14.91e-9
-21.36e-9
-2.01e-9
-13.30e-9
-19.34e-9
-4.03e-9
-0.40e-9
-7.25e-9
-24.98e-9
2.82e-9
2.42e-9
26.19e-9
-22.97e-9
-1.61e-9
-0.81e-9
-24.18e-9
14.91e-9
10.07e-9
8.46e-9
-14.10e-9
2.82e-9
-0.40e-9
16.92e-9
15.71e-9
13.30e-9
55.60e-9
12.89e-9
11.28e-9
7.25e-9
33.44e-9
4.43e-9
8.86e-9
24.18e-9
3.63e-9
19.74e-9
7.25e-9
-4.03e-9
9.67e-9
3.22e-9
20.55e-9
-9.27e-9
-1.61e-9
44.73e-9
-13.30e-9
14.10e-9
4.84e-9
-13.70e-9
-4.43e-9
-29.01e-9
-4.43e-9
-5.64e-9
-17.73e-9
4.84e-9
-3.22e-9
-14.10e-9
5.24e-9
-29.82e-9
-4.43e-9
0.40e-9
4.03e-9
-23.77e-9
5.64e-9
2.42e-9
1.21e-9
-29.82e-9
6.85e-9
2.01e-9
31.03e-9
-20.55e-9
5.64e-9
-4.43e-9
-4.43e-9
20.95e-9
19.74e-9
3.63e-9
-2.82e-9
0.40e-9
4.84e-9
-18.13e-9
14.10e-9
23.77e-9
29.41e-9
6.04e-9
15.71e-9
-0.40e-9
2.42e-9
33.85e-9
7.25e-9
7.25e-9
23.37e-9
11.28e-9
5.64e-9
4.43e-9
24.18e-9
-5.64e-9
3.22e-9
3.63e-9
12.49e-9
-26.59e-9
1.21e-9
5.64e-9
12.09e-9
5.64e-9
7.25e-9
0.81e-9
-14.91e-9
2.82e-9
-1.61e-9
2.82e-9
-22.56e-9
10.48e-9
5.24e-9
-23.37e-9
-0.40e-9
-18.53e-9
24.98e-9
25.79e-9
11.28e-9
13.30e-9
-22.16e-9
-3.22e-9
1.21e-9
-10.48e-9
-23.37e-9
20.55e-9
22.16e-9
29.41e-9
15.71e-9
20.15e-9
-6.85e-9
26.59e-9
13.30e-9
18.94e-9
14.51e-9
13.70e-9
10.48e-9
18.13e-9
8.86e-9
6.04e-9
-2.01e-9
32.64e-9
8.86e-9
5.64e-9
8.86e-9
-33.44e-9
7.25e-9
0.00e-9
-0.81e-9
-1.61e-9
8.06e-9
-0.81e-9
2.42e-9
-5.24e-9
2.42e-9
-6.04e-9
4.43e-9
14.51e-9
0.81e-9
-0.40e-9
4.84e-9
-6.85e-9
4.03e-9
31.03e-9
4.84e-9
0.40e-9
3.22e-9
16.12e-9
-12.49e-9
4.43e-9
-14.10e-9
24.98e-9
1.21e-9
8.86e-9
8.06e-9
-18.94e-9
-18.53e-9
9.27e-9
4.03e-9
29.82e-9
-11.68e-9
11.68e-9
7.25e-9
23.77e-9
34.25e-9
20.55e-9
15.31e-9
-13.70e-9
6.04e-9
0.00e-9
10.48e-9
-20.15e-9
14.91e-9
0.00e-9
-12.09e-9
19.74e-9
5.24e-9
-0.40e-9
5.64e-9
-2.01e-9
-1.21e-9
2.42e-9
-18.13e-9
5.24e-9
-2.42e-9
43.52e-9
8.86e-9
-30.22e-9
-5.64e-9
-14.51e-9
-24.98e-9
-3.63e-9
-7.25e-9
3.63e-9
0.81e-9
-3.22e-9
-1.61e-9
-4.84e-9
-1.21e-9
2.42e-9
0.81e-9
31.83e-9
12.09e-9
3.22e-9
-16.12e-9
12.49e-9
13.70e-9
18.94e-9
17.33e-9
6.85e-9
9.67e-9
4.84e-9
4.03e-9
12.89e-9
28.61e-9
14.10e-9
17.73e-9
11.68e-9
-11.68e-9
18.94e-9
11.68e-9
4.43e-9
24.98e-9
-16.92e-9
9.67e-9
0.81e-9
-10.48e-9
18.53e-9
6.45e-9
-0.40e-9
14.51e-9
-2.82e-9
-6.45e-9
19.74e-9
14.91e-9
-4.43e-9
-4.03e-9
5.24e-9
5.64e-9
2.01e-9
-9.67e-9
-22.56e-9
-2.82e-9
-4.03e-9
4.84e-9
-0.40e-9
-8.06e-9
-2.01e-9
28.61e-9
-3.63e-9
-8.06e-9
25.38e-9
-12.09e-9
11.68e-9
12.49e-9
15.71e-9
18.13e-9
10.48e-9
11.28e-9
-8.86e-9
8.06e-9
14.51e-9
10.88e-9
-14.91e-9
27.40e-9
7.25e-9
7.66e-9
-16.52e-9
-5.24e-9
7.66e-9
-6.04e-9
16.52e-9
-9.67e-9
0.00e-9
51.58e-9
16.52e-9
11.68e-9
2.01e-9
10.07e-9
-26.59e-9
4.43e-9
44.73e-9
-22.56e-9
-2.82e-9
-9.27e-9
24.58e-9
-10.48e-9
-27.00e-9
2.42e-9
-7.66e-9
-4.43e-9
-11.68e-9
-30.22e-9
5.24e-9
-5.24e-9
-1.21e-9
12.49e-9
-20.55e-9
14.51e-9
4.03e-9
32.64e-9
13.70e-9
5.24e-9
5.24e-9
-14.10e-9
14.91e-9
4.03e-9
-12.09e-9
21.36e-9
-2.82e-9
7.66e-9
-6.45e-9
6.85e-9
22.16e-9
16.12e-9
15.31e-9
2.42e-9
21.76e-9
4.84e-9
10.88e-9
12.09e-9
-1.61e-9
6.45e-9
10.07e-9
3.22e-9
-23.77e-9
16.52e-9
12.89e-9
4.03e-9
-16.12e-9
12.89e-9
8.86e-9
-0.40e-9
6.85e-9
-2.42e-9
0.00e-9
-4.03e-9
-18.94e-9
7.25e-9
2.82e-9
41.90e-9
-15.71e-9
-31.43e-9
-8.46e-9
-5.64e-9
15.31e-9
4.03e-9
1.21e-9
21.36e-9
-4.03e-9
0.00e-9
-0.40e-9
15.31e-9
-22.16e-9
1.21e-9
-0.81e-9
-10.48e-9
14.51e-9
7.66e-9
30.22e-9
16.52e-9
8.86e-9
-8.06e-9
-2.01e-9
34.65e-9
12.09e-9
13.30e-9
31.43e-9
-14.51e-9
11.68e-9
5.24e-9
2.82e-9
6.04e-9
9.27e-9
19.74e-9
14.51e-9
16.52e-9
0.00e-9
16.92e-9
-22.97e-9
2.42e-9
-6.04e-9
-22.16e-9
-6.45e-9
6.85e-9
-1.21e-9
-2.82e-9
18.13e-9
4.43e-9
-6.04e-9
14.51e-9
-7.25e-9
-3.63e-9
-4.84e-9
-13.30e-9
-1.21e-9
-3.22e-9
-5.24e-9
2.82e-9
11.68e-9
-8.86e-9
-2.82e-9
6.04e-9
-0.40e-9
3.63e-9
1.61e-9
8.06e-9
13.70e-9
18.53e-9
14.51e-9
24.98e-9
20.15e-9
13.30e-9
22.97e-9
8.86e-9
8.46e-9
22.56e-9
8.86e-9
8.06e-9
-12.09e-9
29.82e-9
14.91e-9
8.86e-9
-2.01e-9
9.67e-9
10.07e-9
-12.09e-9
8.06e-9
12.09e-9
6.04e-9
10.48e-9
-22.97e-9
5.64e-9
4.03e-9
-4.43e-9
-0.81e-9
-12.49e-9
-20.95e-9
-3.22e-9
-12.89e-9
-5.64e-9
16.52e-9
-24.98e-9
8.06e-9
-4.03e-9
26.19e-9
14.91e-9
2.82e-9
2.82e-9
6.45e-9
-12.09e-9
5.24e-9
-0.40e-9
9.67e-9
19.74e-9
10.07e-9
-2.42e-9
-2.82e-9
13.30e-9
8.46e-9
14.91e-9
3.22e-9
12.89e-9
9.67e-9
-0.40e-9
35.05e-9
12.09e-9
12.49e-9
3.63e-9
8.86e-9
23.77e-9
20.55e-9
8.06e-9
19.74e-9
10.88e-9
1.61e-9
-18.53e-9
6.85e-9
12.09e-9
11.68e-9
25.79e-9
22.97e-9
4.03e-9
3.22e-9
-31.43e-9
-0.40e-9
-15.71e-9
-6.04e-9
-11.28e-9
-3.63e-9
-1.21e-9
22.16e-9
1.61e-9
-18.94e-9
-6.45e-9
-24.18e-9
-7.66e-9
-4.03e-9
1.61e-9
-8.06e-9
18.13e-9
6.45e-9
4.84e-9
33.04e-9
10.88e-9
0.40e-9
-13.30e-9
-4.43e-9
6.45e-9
3.22e-9
-4.43e-9
16.92e-9
14.10e-9
18.53e-9
0.40e-9
8.46e-9
7.25e-9
21.76e-9
29.82e-9
6.85e-9
-4.43e-9
34.65e-9
-4.43e-9
47.95e-9
20.95e-9
9.67e-9
28.21e-9
14.10e-9
9.27e-9
-10.48e-9
-6.04e-9
-14.10e-9
7.25e-9
39.89e-9
18.94e-9
12.89e-9
24.58e-9
7.66e-9
-20.55e-9
-4.43e-9
-2.01e-9
8.86e-9
0.00e-9
-3.63e-9
41.50e-9
-10.48e-9
-11.68e-9
26.19e-9
-12.09e-9
-2.42e-9
-5.64e-9
-16.92e-9
4.03e-9
9.67e-9
-7.25e-9
-10.07e-9
-29.41e-9
0.81e-9
15.31e-9
-23.37e-9
6.85e-9
-3.22e-9
-13.30e-9
8.46e-9
14.51e-9
26.19e-9
9.67e-9
-12.49e-9
19.34e-9
7.66e-9
16.12e-9
14.91e-9
-14.51e-9
23.77e-9
-8.06e-9
19.74e-9
-3.63e-9
8.86e-9
7.66e-9
8.86e-9
6.04e-9
0.00e-9
13.30e-9
7.66e-9
-4.84e-9
2.82e-9
-25.38e-9
3.22e-9
-6.85e-9
12.09e-9
-27.00e-9
3.22e-9
0.40e-9
-16.12e-9
22.16e-9
-1.21e-9
-8.86e-9
-4.03e-9
-29.82e-9
-6.85e-9
-20.15e-9
-11.68e-9
10.48e-9
2.82e-9
32.23e-9
-23.77e-9
8.46e-9
-3.63e-9
2.82e-9
-1.21e-9
-1.21e-9
-6.85e-9
3.22e-9
12.09e-9
8.86e-9
8.06e-9
4.03e-9
16.92e-9
11.28e-9
17.33e-9
-2.01e-9
14.91e-9
16.12e-9
35.46e-9
20.55e-9
19.74e-9
12.49e-9
-22.56e-9
8.06e-9
3.22e-9
20.95e-9
-4.03e-9
15.31e-9
7.66e-9
19.34e-9
0.40e-9
4.43e-9
-6.04e-9
4.84e-9
-25.38e-9
1.61e-9
2.42e-9
38.28e-9
-10.07e-9
-0.40e-9
-6.04e-9
-8.86e-9
-33.04e-9
-0.81e-9
-24.98e-9
-3.22e-9
-1.21e-9
-2.82e-9
42.71e-9
4.84e-9
-1.61e-9
-4.43e-9
12.89e-9
-4.43e-9
-6.04e-9
6.04e-9
-14.51e-9
1.21e-9
6.04e-9
30.22e-9
16.12e-9
14.91e-9
14.91e-9
-12.89e-9
14.10e-9
18.13e-9
-1.61e-9
-24.98e-9
9.27e-9
5.64e-9
14.51e-9
38.68e-9
14.91e-9
8.46e-9
-19.74e-9
12.09e-9
-1.21e-9
-20.95e-9
-20.95e-9
6.85e-9
-1.21e-9
23.77e-9
-8.46e-9
8.46e-9
13.30e-9
-17.73e-9
-31.43e-9
-2.82e-9
-1.61e-9
1.21e-9
-1.61e-9
-7.25e-9
-18.94e-9
-17.33e-9
-8.46e-9
25.79e-9
-2.42e-9
-6.45e-9
-9.67e-9
-1.21e-9
-3.63e-9
6.85e-9
-2.42e-9
-14.51e-9
3.22e-9
3.63e-9
10.88e-9
13.30e-9
11.28e-9
10.88e-9
13.70e-9
-8.86e-9
11.68e-9
4.43e-9
10.48e-9
-11.68e-9
22.56e-9
0.81e-9
-6.04e-9
6.45e-9
16.12e-9
62.05e-9
22.16e-9
10.07e-9
7.66e-9
10.88e-9
-15.31e-9
17.33e-9
14.91e-9
4.43e-9
6.45e-9
0.40e-9
17.33e-9
-15.31e-9
2.42e-9
-4.03e-9
-20.55e-9
6.04e-9
-2.82e-9
-3.22e-9
-24.18e-9
-27.40e-9
-3.63e-9
-2.82e-9
-14.51e-9
-32.23e-9
-14.10e-9
20.15e-9
7.66e-9
4.03e-9
-19.34e-9
-24.98e-9
-28.61e-9
-0.40e-9
-8.86e-9
-2.01e-9
-4.84e-9
8.06e-9
9.27e-9
22.97e-9
14.10e-9
12.09e-9
2.01e-9
16.52e-9
4.43e-9
55.20e-9
18.53e-9
16.12e-9
13.70e-9
-8.06e-9
30.22e-9
17.73e-9
-1.61e-9
22.97e-9
20.15e-9
18.53e-9
0.40e-9
23.77e-9
-12.09e-9
8.06e-9
9.67e-9
49.56e-9
-29.82e-9
5.64e-9
-14.10e-9
-22.56e-9
1.21e-9
-8.06e-9
-0.81e-9
9.27e-9
0.00e-9
-4.03e-9
-12.89e-9
-29.01e-9
-6.85e-9
-9.67e-9
-4.84e-9
-29.82e-9
-1.61e-9
-7.66e-9
4.43e-9
-2.82e-9
-2.82e-9
3.22e-9
8.86e-9
8.06e-9
12.49e-9
9.67e-9
-6.85e-9
1.61e-9
6.45e-9
-2.82e-9
4.43e-9
11.28e-9
10.88e-9
-12.49e-9
2.82e-9
12.09e-9
17.33e-9
2.42e-9
18.94e-9
5.24e-9
3.63e-9
11.28e-9
12.49e-9
-12.49e-9
-19.74e-9
9.27e-9
-4.43e-9
4.43e-9
-0.81e-9
0.40e-9
-6.04e-9
9.67e-9
8.06e-9
4.43e-9
10.48e-9
6.45e-9
-4.84e-9
-8.06e-9
1.61e-9
-20.55e-9
-8.46e-9
4.03e-9
-24.18e-9
0.81e-9
-5.24e-9
19.74e-9
8.86e-9
-2.42e-9
0.81e-9
-4.84e-9
-24.98e-9
-0.40e-9
0.81e-9
16.12e-9
8.46e-9
8.06e-9
44.32e-9
-4.03e-9
13.70e-9
17.33e-9
0.40e-9
19.34e-9
6.45e-9
47.14e-9
11.28e-9
18.13e-9
21.76e-9
14.91e-9
2.82e-9
6.04e-9
22.97e-9
22.97e-9
1.61e-9
10.48e-9
8.06e-9
2.82e-9
-26.19e-9
-6.85e-9
8.06e-9
39.89e-9
-14.51e-9
5.64e-9
-16.52e-9
-20.95e-9
22.16e-9
1.21e-9
-2.82e-9
10.07e-9
-8.46e-9
5.64e-9
2.01e-9
0.00e-9
8.06e-9
6.85e-9
-8.86e-9
2.01e-9
-10.88e-9
-14.51e-9
-12.89e-9
8.86e-9
4.03e-9
0.00e-9
-4.03e-9
14.51e-9
-3.63e-9
6.45e-9
-11.28e-9
3.63e-9
0.00e-9
22.97e-9
13.70e-9
16.12e-9
-10.88e-9
16.92e-9
6.45e-9
20.55e-9
-22.97e-9
0.81e-9
15.71e-9
-7.66e-9
23.77e-9
19.74e-9
9.67e-9
6.04e-9
22.56e-9
14.91e-9
39.49e-9
0.40e-9
12.89e-9
6.85e-9
-16.52e-9
22.97e-9
-14.91e-9
8.86e-9
-0.81e-9
13.30e-9
6.45e-9
-3.22e-9
-16.12e-9
-32.64e-9
-10.48e-9
36.67e-9
14.91e-9
-20.55e-9
1.21e-9
3.63e-9
2.01e-9
-0.40e-9
-10.07e-9
-26.59e-9
-12.49e-9
4.03e-9
-2.01e-9
6.04e-9
-11.68e-9
0.00e-9
-19.34e-9
-21.36e-9
-15.31e-9
6.04e-9
4.43e-9
7.66e-9
-8.46e-9
4.84e-9
2.42e-9
11.68e-9
-2.82e-9
9.67e-9
10.48e-9
13.30e-9
23.37e-9
13.30e-9
-12.49e-9
-11.28e-9
20.15e-9
5.24e-9
35.46e-9
18.94e-9
10.88e-9
-13.70e-9
14.51e-9
12.89e-9
10.48e-9
-2.01e-9
-11.68e-9
9.27e-9
2.42e-9
-24.58e-9
-31.43e-9
0.00e-9
0.40e-9
-33.85e-9
0.40e-9
-4.43e-9
0.40e-9
5.24e-9
-14.91e-9
-3.63e-9
21.36e-9
-18.94e-9
-0.40e-9
-12.49e-9
-28.61e-9
12.89e-9
-5.64e-9
-1.21e-9
-2.01e-9
-30.62e-9
0.81e-9
8.86e-9
-13.30e-9
-27.40e-9
14.91e-9
6.04e-9
-9.27e-9
19.74e-9
10.48e-9
18.94e-9
4.03e-9
10.07e-9
9.27e-9
25.79e-9
13.30e-9
18.53e-9
-7.66e-9
16.52e-9
27.80e-9
19.34e-9
-11.28e-9
-17.33e-9
2.01e-9
-10.88e-9
16.52e-9
20.55e-9
9.67e-9
-12.09e-9
13.30e-9
4.84e-9
1.61e-9
-23.37e-9
17.73e-9
-1.21e-9
-0.81e-9
14.51e-9
-22.56e-9
-0.40e-9
4.03e-9
-24.18e-9
3.22e-9
-6.85e-9
-2.42e-9
-22.97e-9
-11.28e-9
-13.70e-9
-20.55e-9
0.40e-9
-4.84e-9
0.81e-9
4.03e-9
-5.64e-9
6.85e-9
-4.43e-9
-22.97e-9
2.42e-9
1.21e-9
15.71e-9
31.03e-9
25.38e-9
12.49e-9
-9.67e-9
4.03e-9
9.67e-9
7.66e-9
11.68e-9
-6.45e-9
17.33e-9
15.31e-9
-11.68e-9
15.31e-9
9.27e-9
-2.01e-9
10.07e-9
8.46e-9
55.60e-9
20.95e-9
11.28e-9
6.04e-9
9.27e-9
5.24e-9
-12.09e-9
-5.64e-9
-15.71e-9
13.30e-9
3.63e-9
4.43e-9
11.68e-9
-8.86e-9
-3.63e-9
-2.01e-9
-15.31e-9
-0.40e-9
-11.28e-9
-4.43e-9
-10.07e-9
-4.84e-9
-1.61e-9
16.52e-9
-20.55e-9
-3.22e-9
31.43e-9
24.58e-9
8.86e-9
1.61e-9
-5.64e-9
-21.36e-9
8.46e-9
3.63e-9
13.30e-9
41.90e-9
22.97e-9
14.10e-9
-21.76e-9
-10.48e-9
16.12e-9
2.82e-9
-6.45e-9
-17.73e-9
18.13e-9
11.28e-9
25.79e-9
-27.40e-9
19.34e-9
4.43e-9
-15.71e-9
12.49e-9
8.46e-9
0.40e-9
-12.89e-9
3.63e-9
3.22e-9
11.68e-9
-21.36e-9
-2.82e-9
-15.71e-9
13.70e-9
-14.91e-9
-14.10e-9
15.31e-9
-10.07e-9
4.84e-9
2.42e-9
-6.45e-9
-26.59e-9
-4.43e-9
-20.55e-9
-23.77e-9
-21.36e-9
-1.21e-9
-14.10e-9
19.34e-9
8.46e-9
6.04e-9
-16.92e-9
6.85e-9
2.82e-9
-10.88e-9
-3.63e-9
22.56e-9
10.48e-9
65.68e-9
16.52e-9
16.12e-9
6.04e-9
21.36e-9
18.53e-9
12.49e-9
20.15e-9
10.88e-9
13.70e-9
11.68e-9
-8.06e-9
20.55e-9
13.30e-9
47.55e-9
28.61e-9
6.85e-9
8.86e-9
-16.52e-9
7.25e-9
15.31e-9
-0.40e-9
8.06e-9
13.70e-9
-25.38e-9
-11.68e-9
-10.88e-9
2.42e-9
-4.84e-9
-15.71e-9
9.67e-9
2.01e-9
-2.82e-9
-15.71e-9
1.61e-9
-14.10e-9
-4.03e-9
16.92e-9
-17.73e-9
5.24e-9
4.84e-9
22.56e-9
-2.42e-9
2.82e-9
18.53e-9
8.86e-9
15.31e-9
12.09e-9
22.16e-9
14.51e-9
17.73e-9
39.08e-9
-19.74e-9
23.37e-9
8.86e-9
1.61e-9
10.07e-9
14.10e-9
13.70e-9
-1.21e-9
3.63e-9
16.52e-9
13.30e-9
52.38e-9
-0.40e-9
14.10e-9
-3.63e-9
4.03e-9
9.67e-9
15.71e-9
8.06e-9
13.30e-9
-8.86e-9
2.01e-9
-9.67e-9
-28.21e-9
4.84e-9
0.81e-9
-2.82e-9
2.82e-9
-24.58e-9
7.66e-9
-1.61e-9
6.85e-9
4.03e-9
-4.03e-9
-12.89e-9
-15.31e-9
3.63e-9
4.43e-9
-1.61e-9
-10.88e-9
2.42e-9
0.40e-9
-22.16e-9
5.24e-9
8.46e-9
-0.81e-9
-16.52e-9
-22.16e-9
6.04e-9
1.61e-9
17.33e-9
26.59e-9
17.73e-9
10.48e-9
20.95e-9
23.77e-9
16.12e-9
11.68e-9
26.19e-9
26.19e-9
12.49e-9
19.74e-9
14.10e-9
12.09e-9
45.53e-9
9.67e-9
8.86e-9
8.46e-9
1.21e-9
7.25e-9
-3.22e-9
-4.43e-9
-12.09e-9
3.63e-9
-1.21e-9
-11.28e-9
-26.59e-9
-4.43e-9
-6.04e-9
-12.89e-9
-7.25e-9
-9.27e-9
-16.52e-9
-29.41e-9
0.00e-9
-4.43e-9
17.33e-9
-10.48e-9
-8.06e-9
-8.46e-9
0.40e-9
8.06e-9
-2.82e-9
-16.52e-9
-15.31e-9
0.81e-9
6.04e-9
24.58e-9
14.10e-9
18.13e-9
9.67e-9
-13.70e-9
27.80e-9
0.00e-9
-16.12e-9
28.21e-9
6.04e-9
13.70e-9
-2.82e-9
-9.27e-9
33.44e-9
16.92e-9
13.30e-9
-14.51e-9
25.38e-9
9.27e-9
-2.82e-9
1.21e-9
-8.86e-9
12.09e-9
4.03e-9
48.35e-9
8.86e-9
4.84e-9
14.91e-9
0.40e-9
-3.63e-9
-4.84e-9
2.42e-9
-27.00e-9
-9.27e-9
-5.24e-9
6.45e-9
-4.84e-9
-12.49e-9
7.25e-9
-11.28e-9
-2.42e-9
-5.64e-9
42.71e-9
6.85e-9
4.03e-9
1.21e-9
13.70e-9
8.86e-9
-0.81e-9
-19.74e-9
-7.25e-9
6.45e-9
1.61e-9
53.59e-9
8.86e-9
20.15e-9
15.31e-9
-4.84e-9
12.49e-9
1.61e-9
-0.40e-9
17.73e-9
19.74e-9
20.15e-9
12.89e-9
31.43e-9
4.84e-9
2.82e-9
1.61e-9
-19.74e-9
8.86e-9
3.63e-9
14.91e-9
10.48e-9
4.03e-9
6.85e-9
-11.28e-9
1.61e-9
-10.48e-9
-6.85e-9
-26.59e-9
-3.22e-9
-7.25e-9
-10.07e-9
1.61e-9
-16.52e-9
-4.84e-9
0.40e-9
-4.84e-9
35.86e-9
-4.03e-9
-21.76e-9
3.63e-9
4.43e-9
-19.34e-9
17.73e-9
3.63e-9
8.86e-9
-9.67e-9
-20.15e-9
6.45e-9
-9.27e-9
-9.67e-9
3.22e-9
8.86e-9
33.04e-9
-0.81e-9
13.70e-9
-3.22e-9
17.33e-9
8.46e-9
14.51e-9
7.66e-9
17.73e-9
22.97e-9
23.37e-9
-2.01e-9
7.25e-9
1.61e-9
-8.86e-9
-12.89e-9
2.01e-9
13.70e-9
0.81e-9
-4.43e-9
14.51e-9
-3.63e-9
-5.24e-9
-10.88e-9
5.64e-9
-6.04e-9
-28.61e-9
-29.41e-9
-6.85e-9
-15.31e-9
-8.06e-9
-3.63e-9
-4.84e-9
-13.30e-9
3.22e-9
-2.42e-9
-12.89e-9
-1.21e-9
-24.98e-9
-2.82e-9
1.21e-9
-32.64e-9
0.81e-9
-8.46e-9
-0.40e-9
-23.37e-9
2.42e-9
52.38e-9
20.15e-9
16.52e-9
10.88e-9
-14.91e-9
4.84e-9
21.76e-9
4.84e-9
3.22e-9
-12.49e-9
34.65e-9
14.51e-9
10.88e-9
-17.33e-9
15.31e-9
-1.61e-9
-18.53e-9
10.88e-9
-6.45e-9
8.46e-9
29.01e-9
13.70e-9
8.86e-9
29.82e-9
-0.40e-9
7.25e-9
8.06e-9
14.91e-9
-25.79e-9
-7.25e-9
-11.68e-9
-2.82e-9
-4.43e-9
-6.04e-9
-7.25e-9
-6.45e-9
-4.84e-9
-1.21e-9
-8.86e-9
-22.16e-9
-32.23e-9
-4.03e-9
-12.89e-9
5.24e-9
-0.40e-9
41.10e-9
16.52e-9
5.64e-9
2.01e-9
34.65e-9
-30.22e-9
6.04e-9
4.03e-9
12.09e-9
-9.67e-9
22.56e-9
13.30e-9
15.71e-9
24.98e-9
17.73e-9
1.21e-9
-10.48e-9
-6.45e-9
14.51e-9
48.35e-9
-8.86e-9
19.74e-9
12.89e-9
13.70e-9
16.12e-9
7.66e-9
12.89e-9
33.44e-9
-9.67e-9
18.94e-9
2.82e-9
22.97e-9
-0.81e-9
2.01e-9
-1.21e-9
-9.27e-9
-10.07e-9
-11.28e-9
-14.10e-9
-3.63e-9
1.21e-9
0.40e-9
-0.81e-9
-24.58e-9
0.40e-9
-9.67e-9
-18.53e-9
-3.63e-9
2.82e-9
-1.21e-9
-0.81e-9
5.64e-9
-1.21e-9
-4.43e-9
-16.12e-9
4.84e-9
1.61e-9
8.86e-9
-19.34e-9
15.31e-9
11.28e-9
-6.04e-9
15.71e-9
9.27e-9
12.49e-9
3.22e-9
18.13e-9
14.10e-9
2.82e-9
10.07e-9
10.07e-9
19.74e-9
-1.21e-9
17.73e-9
18.53e-9
44.32e-9
19.34e-9
9.27e-9
1.21e-9
5.24e-9
12.49e-9
4.03e-9
8.06e-9
-14.51e-9
2.01e-9
-4.03e-9
30.62e-9
-10.48e-9
-5.24e-9
-8.06e-9
-6.04e-9
-0.40e-9
-3.63e-9
20.15e-9
-31.03e-9
-12.09e-9
-15.71e-9
2.01e-9
-19.34e-9
-22.16e-9
-1.61e-9
-2.42e-9
0.40e-9
-17.73e-9
0.81e-9
17.33e-9
-7.66e-9
8.86e-9
0.81e-9
-5.64e-9
24.98e-9
10.88e-9
18.13e-9
9.27e-9
-26.19e-9
11.28e-9
12.09e-9
30.62e-9
14.10e-9
10.07e-9
9.67e-9
14.51e-9
16.92e-9
13.70e-9
12.49e-9
30.22e-9
16.92e-9
12.49e-9
2.82e-9
8.46e-9
7.66e-9
-14.91e-9
-19.74e-9
8.86e-9
-3.22e-9
-16.12e-9
-2.82e-9
-4.43e-9
-8.06e-9
-29.41e-9
-0.40e-9
-9.27e-9
-4.43e-9
-20.15e-9
-10.48e-9
-8.06e-9
-0.81e-9
-10.48e-9
-7.25e-9
22.16e-9
-21.76e-9
-6.04e-9
-5.64e-9
21.36e-9
-29.82e-9
8.06e-9
-12.09e-9
3.63e-9
8.86e-9
8.46e-9
12.49e-9
0.40e-9
10.88e-9
8.46e-9
-5.64e-9
16.52e-9
17.33e-9
3.22e-9
-2.42e-9
16.92e-9
7.66e-9
0.40e-9
28.21e-9
18.94e-9
21.36e-9
14.91e-9
-8.86e-9
14.51e-9
12.49e-9
10.48e-9
-24.18e-9
7.66e-9
3.63e-9
2.42e-9
12.89e-9
2.42e-9
-20.15e-9
6.04e-9
-12.89e-9
-13.70e-9
-11.68e-9
-19.34e-9
11.68e-9
-9.27e-9
-26.59e-9
0.00e-9
-15.31e-9
-12.09e-9
-16.12e-9
-33.04e-9
-7.25e-9
35.46e-9
13.70e-9
8.86e-9
5.24e-9
-4.43e-9
0.40e-9
-12.09e-9
1.21e-9
0.81e-9
5.24e-9
11.68e-9
6.04e-9
8.86e-9
14.91e-9
9.27e-9
12.89e-9
12.89e-9
6.04e-9
-7.25e-9
10.48e-9
12.49e-9
14.51e-9
28.61e-9
17.33e-9
11.28e-9
36.67e-9
19.74e-9
16.12e-9
-11.28e-9
-19.74e-9
12.89e-9
2.82e-9
14.10e-9
-2.01e-9
-25.38e-9
6.45e-9
4.43e-9
25.38e-9
2.42e-9
-8.06e-9
-20.15e-9
-14.91e-9
4.84e-9
-8.46e-9
-13.70e-9
13.70e-9
-4.03e-9
-8.46e-9
6.04e-9
-14.91e-9
-7.66e-9
-4.03e-9
-4.03e-9
4.03e-9
0.40e-9
13.70e-9
-19.34e-9
3.63e-9
6.45e-9
19.74e-9
-23.37e-9
11.68e-9
12.09e-9
5.64e-9
7.66e-9
9.27e-9
10.88e-9
-14.10e-9
10.07e-9
15.31e-9
10.48e-9
-0.81e-9
20.55e-9
20.55e-9
9.67e-9
0.81e-9
28.21e-9
12.89e-9
-20.15e-9
24.58e-9
4.84e-9
10.48e-9
-6.45e-9
11.28e-9
6.85e-9
-11.28e-9
20.95e-9
9.67e-9
-14.51e-9
15.31e-9
-20.55e-9
6.85e-9
-1.61e-9
-17.73e-9
-18.94e-9
0.81e-9
-5.64e-9
2.42e-9
-2.82e-9
-12.49e-9
9.27e-9
-8.46e-9
1.61e-9
-4.03e-9
-13.70e-9
14.91e-9
-0.81e-9
-1.21e-9
6.85e-9
-1.61e-9
12.49e-9
0.40e-9
-18.53e-9
2.01e-9
6.04e-9
10.88e-9
18.13e-9
23.37e-9
15.31e-9
4.84e-9
7.25e-9
12.49e-9
2.42e-9
36.67e-9
35.86e-9
17.33e-9
16.52e-9
-8.06e-9
-9.67e-9
3.22e-9
0.81e-9
13.70e-9
5.24e-9
8.86e-9
7.25e-9
2.42e-9
-19.34e-9
10.48e-9
6.45e-9
-4.84e-9
-2.42e-9
-10.88e-9
8.46e-9
-4.03e-9
-6.85e-9
2.42e-9
-16.12e-9
2.82e-9
-5.64e-9
-23.37e-9
20.95e-9
-10.48e-9
-13.70e-9
-11.68e-9
3.22e-9
1.61e-9
34.65e-9
6.45e-9
0.00e-9
6.04e-9
4.84e-9
14.51e-9
4.03e-9
9.67e-9
-7.66e-9
16.52e-9
16.92e-9
8.46e-9
4.43e-9
16.12e-9
12.89e-9
0.81e-9
30.22e-9
7.66e-9
12.89e-9
41.50e-9
20.15e-9
4.03e-9
15.71e-9
27.40e-9
7.66e-9
3.22e-9
-16.92e-9
21.76e-9
-12.89e-9
0.00e-9
3.22e-9
18.94e-9
12.09e-9
6.45e-9
8.46e-9
18.53e-9
-9.27e-9
-11.28e-9
24.18e-9
-1.21e-9
-2.42e-9
-6.45e-9
5.24e-9
5.64e-9
-2.42e-9
35.05e-9
-31.43e-9
-13.70e-9
35.05e-9
9.67e-9
-25.79e-9
0.81e-9
-2.01e-9
21.36e-9
-9.67e-9
10.88e-9
5.64e-9
-14.91e-9
-27.80e-9
-4.84e-9
-6.45e-9
13.70e-9
-4.43e-9
14.91e-9
13.70e-9
-2.01e-9
6.85e-9
-1.61e-9
5.64e-9
-2.82e-9
12.09e-9
11.28e-9
12.49e-9
15.31e-9
7.25e-9
24.18e-9
-5.24e-9
9.27e-9
61.65e-9
14.91e-9
16.12e-9
7.66e-9
51.98e-9
-5.24e-9
12.09e-9
11.68e-9
-11.68e-9
2.01e-9
-10.88e-9
-11.28e-9
-10.48e-9
-4.84e-9
5.24e-9
-5.24e-9
-24.98e-9
4.43e-9
-12.09e-9
-11.28e-9
-1.61e-9
-2.42e-9
-4.84e-9
38.68e-9
-10.88e-9
-3.22e-9
-25.38e-9
8.86e-9
2.42e-9
2.82e-9
-1.21e-9
0.40e-9
9.27e-9
8.46e-9
-2.42e-9
19.34e-9
24.58e-9
9.27e-9
18.13e-9
-10.07e-9
0.00e-9
-6.85e-9
-0.81e-9
6.45e-9
20.15e-9
20.95e-9
-2.82e-9
20.15e-9
8.06e-9
39.08e-9
0.40e-9
12.89e-9
18.13e-9
15.31e-9
10.48e-9
0.00e-9
-9.67e-9
4.03e-9
-14.51e-9
10.48e-9
-3.22e-9
-26.59e-9
-32.64e-9
-14.10e-9
11.68e-9
-23.77e-9
-2.82e-9
-9.67e-9
-20.55e-9
0.00e-9
1.61e-9
-13.70e-9
-27.40e-9
-19.34e-9
1.21e-9
-7.25e-9
-2.82e-9
-28.61e-9
6.85e-9
7.25e-9
3.63e-9
-17.33e-9
-6.04e-9
-4.03e-9
1.21e-9
16.12e-9
14.91e-9
19.74e-9
-0.40e-9
16.92e-9
12.09e-9
3.22e-9
15.71e-9
20.55e-9
18.53e-9
26.19e-9
22.97e-9
16.12e-9
-2.01e-9
17.73e-9
18.53e-9
21.76e-9
34.65e-9
-6.45e-9
11.28e-9
12.49e-9
-8.06e-9
26.59e-9
16.52e-9
0.81e-9
4.84e-9
-0.40e-9
-11.28e-9
-7.66e-9
-5.24e-9
0.81e-9
18.13e-9
-6.45e-9
-2.01e-9
-22.97e-9
-17.33e-9
-9.67e-9
-9.67e-9
-10.88e-9
-9.67e-9
USB_LOGGING_DISABLED


---------- 2021-02-22 14:07:25 +0000: Logging Stopped ----------

